#
# There is insufficient memory for the Java Runtime Environment to continue.
# Native memory allocation (malloc) failed to allocate 32744 bytes for ChunkPool::allocate
# Possible reasons:
#   The system is out of physical RAM or swap space
#   The process is running with CompressedOops enabled, and the Java Heap may be blocking the growth of the native heap
# Possible solutions:
#   Reduce memory load on the system
#   Increase physical memory or swap space
#   Check if swap backing store is full
#   Decrease Java heap size (-Xmx/-Xms)
#   Decrease number of Java threads
#   Decrease Java thread stack sizes (-Xss)
#   Set larger code cache with -XX:ReservedCodeCacheSize=
#   JVM is running with Unscaled Compressed Oops mode in which the Java heap is
#     placed in the first 4GB address space. The Java Heap base address is the
#     maximum limit for the native heap growth. Please use -XX:HeapBaseMinAddress
#     to set the Java Heap base and to place the Java Heap above 4GB virtual address.
# This output file may be truncated or incomplete.
#
#  Out of Memory Error (./open/src/hotspot/share/memory/arena.cpp:79), pid=7056, tid=7572
#
# JRE version: Java(TM) SE Runtime Environment (14.0.1+7) (build 14.0.1+7)
# Java VM: Java HotSpot(TM) 64-Bit Server VM (14.0.1+7, mixed mode, sharing, tiered, compressed oops, g1 gc, windows-amd64)
# Core dump will be written. Default location: C:\Users\lncoretech\New folder\restaurant-reservation\hs_err_pid7056.mdmp
#

---------------  S U M M A R Y ------------

Command Line: -Dfile.encoding=UTF-8 com.example.restaurantreservation.RestaurantReservationApplication

Host: Intel(R) Xeon(R) CPU E5-2673 v4 @ 2.30GHz, 2 cores, 3G,  Windows Server 2019 , 64 bit Build 17763 (10.0.17763.1158)
Time: Fri Apr 24 19:15:21 2020 India Standard Time elapsed time: 18 seconds (0d 0h 0m 18s)

---------------  T H R E A D  ---------------

Current thread (0x000001aea68be000):  JavaThread "C2 CompilerThread0" daemon [_thread_in_native, id=7572, stack(0x0000007444800000,0x0000007444900000)]


Current CompileTask:
C2:  18723 4393       4       org.springframework.core.annotation.TypeMappedAnnotations$MergedAnnotationFinder::doWithAnnotations (75 bytes)

Stack: [0x0000007444800000,0x0000007444900000]
Native frames: (J=compiled Java code, j=interpreted, Vv=VM code, C=native code)
V  [jvm.dll+0x5f840a]
V  [jvm.dll+0x741e4a]
V  [jvm.dll+0x7435ff]
V  [jvm.dll+0x743c43]
V  [jvm.dll+0x20d288]
V  [jvm.dll+0xabea6]
V  [jvm.dll+0xabc7d]
V  [jvm.dll+0x5d934b]
V  [jvm.dll+0x62155f]
V  [jvm.dll+0x18cecc]
V  [jvm.dll+0x1e5efa]
V  [jvm.dll+0x1e50b8]
V  [jvm.dll+0x1779cc]
V  [jvm.dll+0x1f4105]
V  [jvm.dll+0x1f22eb]
V  [jvm.dll+0x706a9d]
V  [jvm.dll+0x6ff8ba]
V  [jvm.dll+0x5f72c6]
C  [ucrtbase.dll+0x21ffa]
C  [KERNEL32.DLL+0x17974]
C  [ntdll.dll+0x6a271]


---------------  P R O C E S S  ---------------

Threads class SMR info:
_java_thread_list=0x000001aeaa08a7b0, length=14, elements={
0x000001aea68a0000, 0x000001aea68a9800, 0x000001aea68b7800, 0x000001aea68ba800,
0x000001aea68bb800, 0x000001aea68be000, 0x000001aea6932800, 0x000001aea6940000,
0x000001aea72f6000, 0x000001aea7313000, 0x000001aea87e9000, 0x000001aeaa018000,
0x000001aeaa11e000, 0x000001aea88ab000
}

Java Threads: ( => current thread )
  0x000001aea68a0000 JavaThread "Reference Handler" daemon [_thread_blocked, id=9500, stack(0x0000007444300000,0x0000007444400000)]
  0x000001aea68a9800 JavaThread "Finalizer" daemon [_thread_blocked, id=10592, stack(0x0000007444400000,0x0000007444500000)]
  0x000001aea68b7800 JavaThread "Signal Dispatcher" daemon [_thread_blocked, id=10064, stack(0x0000007444500000,0x0000007444600000)]
  0x000001aea68ba800 JavaThread "Attach Listener" daemon [_thread_blocked, id=8216, stack(0x0000007444600000,0x0000007444700000)]
  0x000001aea68bb800 JavaThread "Service Thread" daemon [_thread_blocked, id=10280, stack(0x0000007444700000,0x0000007444800000)]
=>0x000001aea68be000 JavaThread "C2 CompilerThread0" daemon [_thread_in_native, id=7572, stack(0x0000007444800000,0x0000007444900000)]
  0x000001aea6932800 JavaThread "C1 CompilerThread0" daemon [_thread_blocked, id=8092, stack(0x0000007444900000,0x0000007444a00000)]
  0x000001aea6940000 JavaThread "Sweeper thread" daemon [_thread_blocked, id=7588, stack(0x0000007444a00000,0x0000007444b00000)]
  0x000001aea72f6000 JavaThread "Notification Thread" daemon [_thread_blocked, id=9212, stack(0x0000007444b00000,0x0000007444c00000)]
  0x000001aea7313000 JavaThread "Common-Cleaner" daemon [_thread_blocked, id=6460, stack(0x0000007444d00000,0x0000007444e00000)]
  0x000001aea87e9000 JavaThread "Catalina-utility-1" [_thread_blocked, id=9592, stack(0x0000007445100000,0x0000007445200000)]
  0x000001aeaa018000 JavaThread "Catalina-utility-2" [_thread_blocked, id=6840, stack(0x0000007445200000,0x0000007445300000)]
  0x000001aeaa11e000 JavaThread "mysql-cj-abandoned-connection-cleanup" daemon [_thread_blocked, id=3484, stack(0x0000007445400000,0x0000007445500000)]
  0x000001aea88ab000 JavaThread "DestroyJavaVM" [_thread_blocked, id=10964, stack(0x0000007443c00000,0x0000007443d00000)]

Other Threads:
  0x000001ae8ab6e800 VMThread "VM Thread" [stack: 0x0000007444200000,0x0000007444300000] [id=9740]
  0x000001aea7302800 WatcherThread [stack: 0x0000007444c00000,0x0000007444d00000] [id=10968]
  0x000001ae8aad7000 GCTaskThread "GC Thread#0" [stack: 0x0000007443d00000,0x0000007443e00000] [id=8564]
  0x000001aea7638000 GCTaskThread "GC Thread#1" [stack: 0x0000007444e00000,0x0000007444f00000] [id=832]
  0x000001ae8aae2000 ConcurrentGCThread "G1 Main Marker" [stack: 0x0000007443e00000,0x0000007443f00000] [id=6208]
  0x000001ae8aae4000 ConcurrentGCThread "G1 Conc#0" [stack: 0x0000007443f00000,0x0000007444000000] [id=10804]
  0x000001ae8ab30000 ConcurrentGCThread "G1 Refine#0" [stack: 0x0000007444000000,0x0000007444100000] [id=6636]
  0x000001ae8ab31800 ConcurrentGCThread "G1 Young RemSet Sampling" [stack: 0x0000007444100000,0x0000007444200000] [id=8812]

Threads with active compile tasks:
C2 CompilerThread0    18772 4393       4       org.springframework.core.annotation.TypeMappedAnnotations$MergedAnnotationFinder::doWithAnnotations (75 bytes)

VM state:not at safepoint (normal execution)

VM Mutex/Monitor currently owned by a thread: None

Heap address: 0x00000000c0000000, size: 1024 MB, Compressed Oops mode: 32-bit
Narrow klass base: 0x0000000800000000, Narrow klass shift: 3
Compressed class space size: 1073741824 Address: 0x0000000800b30000

Heap:
 garbage-first heap   total 58368K, used 37671K [0x00000000c0000000, 0x0000000100000000)
  region size 1024K, 20 young (20480K), 2 survivors (2048K)
 Metaspace       used 50522K, capacity 51841K, committed 51968K, reserved 1093632K
  class space    used 6828K, capacity 7347K, committed 7424K, reserved 1048576K
Heap Regions: E=young(eden), S=young(survivor), O=old, HS=humongous(starts), HC=humongous(continues), CS=collection set, F=free, OA=open archive, CA=closed archive, TAMS=top-at-mark-start (previous, next)
|   0|0x00000000c0000000, 0x00000000c0100000, 0x00000000c0100000|100%|HS|  |TAMS 0x00000000c0100000, 0x00000000c0000000| Complete 
|   1|0x00000000c0100000, 0x00000000c0200000, 0x00000000c0200000|100%| O|  |TAMS 0x00000000c0200000, 0x00000000c0100000| Untracked 
|   2|0x00000000c0200000, 0x00000000c0300000, 0x00000000c0300000|100%| O|  |TAMS 0x00000000c0300000, 0x00000000c0200000| Untracked 
|   3|0x00000000c0300000, 0x00000000c0400000, 0x00000000c0400000|100%| O|  |TAMS 0x00000000c0400000, 0x00000000c0300000| Untracked 
|   4|0x00000000c0400000, 0x00000000c0500000, 0x00000000c0500000|100%| O|  |TAMS 0x00000000c0500000, 0x00000000c0400000| Untracked 
|   5|0x00000000c0500000, 0x00000000c0600000, 0x00000000c0600000|100%| O|  |TAMS 0x00000000c0600000, 0x00000000c0500000| Untracked 
|   6|0x00000000c0600000, 0x00000000c06eaa00, 0x00000000c0700000| 91%| O|  |TAMS 0x00000000c06eaa00, 0x00000000c0600000| Untracked 
|   7|0x00000000c0700000, 0x00000000c0800000, 0x00000000c0800000|100%| O|  |TAMS 0x00000000c0800000, 0x00000000c0700000| Untracked 
|   8|0x00000000c0800000, 0x00000000c0900000, 0x00000000c0900000|100%| O|  |TAMS 0x00000000c0900000, 0x00000000c0800000| Untracked 
|   9|0x00000000c0900000, 0x00000000c0a00000, 0x00000000c0a00000|100%| O|  |TAMS 0x00000000c0a00000, 0x00000000c0900000| Untracked 
|  10|0x00000000c0a00000, 0x00000000c0b00000, 0x00000000c0b00000|100%| O|  |TAMS 0x00000000c0b00000, 0x00000000c0a00000| Untracked 
|  11|0x00000000c0b00000, 0x00000000c0c00000, 0x00000000c0c00000|100%| O|  |TAMS 0x00000000c0c00000, 0x00000000c0b00000| Untracked 
|  12|0x00000000c0c00000, 0x00000000c0d00000, 0x00000000c0d00000|100%| O|  |TAMS 0x00000000c0d00000, 0x00000000c0c00000| Untracked 
|  13|0x00000000c0d00000, 0x00000000c0d62400, 0x00000000c0e00000| 38%| O|  |TAMS 0x00000000c0d62400, 0x00000000c0d00000| Untracked 
|  14|0x00000000c0e00000, 0x00000000c0f00000, 0x00000000c0f00000|100%| O|  |TAMS 0x00000000c0e00000, 0x00000000c0e00000| Untracked 
|  15|0x00000000c0f00000, 0x00000000c1000000, 0x00000000c1000000|100%| O|  |TAMS 0x00000000c0f00000, 0x00000000c0f00000| Untracked 
|  16|0x00000000c1000000, 0x00000000c1100000, 0x00000000c1100000|100%| O|  |TAMS 0x00000000c1000000, 0x00000000c1000000| Untracked 
|  17|0x00000000c1100000, 0x00000000c1100000, 0x00000000c1200000|  0%| F|  |TAMS 0x00000000c1100000, 0x00000000c1100000| Untracked 
|  18|0x00000000c1200000, 0x00000000c1200000, 0x00000000c1300000|  0%| F|  |TAMS 0x00000000c1200000, 0x00000000c1200000| Untracked 
|  19|0x00000000c1300000, 0x00000000c1300000, 0x00000000c1400000|  0%| F|  |TAMS 0x00000000c1300000, 0x00000000c1300000| Untracked 
|  20|0x00000000c1400000, 0x00000000c1400000, 0x00000000c1500000|  0%| F|  |TAMS 0x00000000c1400000, 0x00000000c1400000| Untracked 
|  21|0x00000000c1500000, 0x00000000c1500000, 0x00000000c1600000|  0%| F|  |TAMS 0x00000000c1500000, 0x00000000c1500000| Untracked 
|  22|0x00000000c1600000, 0x00000000c1700000, 0x00000000c1700000|100%| O|  |TAMS 0x00000000c1600000, 0x00000000c1600000| Untracked 
|  23|0x00000000c1700000, 0x00000000c1800000, 0x00000000c1800000|100%| O|  |TAMS 0x00000000c1700000, 0x00000000c1700000| Untracked 
|  24|0x00000000c1800000, 0x00000000c1816a00, 0x00000000c1900000|  8%| O|  |TAMS 0x00000000c1800000, 0x00000000c1800000| Untracked 
|  25|0x00000000c1900000, 0x00000000c1900000, 0x00000000c1a00000|  0%| F|  |TAMS 0x00000000c1900000, 0x00000000c1900000| Untracked 
|  26|0x00000000c1a00000, 0x00000000c1a00000, 0x00000000c1b00000|  0%| F|  |TAMS 0x00000000c1a00000, 0x00000000c1a00000| Untracked 
|  27|0x00000000c1b00000, 0x00000000c1b00000, 0x00000000c1c00000|  0%| F|  |TAMS 0x00000000c1b00000, 0x00000000c1b00000| Untracked 
|  28|0x00000000c1c00000, 0x00000000c1c00000, 0x00000000c1d00000|  0%| F|  |TAMS 0x00000000c1c00000, 0x00000000c1c00000| Untracked 
|  29|0x00000000c1d00000, 0x00000000c1d66438, 0x00000000c1e00000| 39%| S|CS|TAMS 0x00000000c1d00000, 0x00000000c1d00000| Complete 
|  30|0x00000000c1e00000, 0x00000000c1f00000, 0x00000000c1f00000|100%| S|CS|TAMS 0x00000000c1e00000, 0x00000000c1e00000| Complete 
|  31|0x00000000c1f00000, 0x00000000c1f00000, 0x00000000c2000000|  0%| F|  |TAMS 0x00000000c1f00000, 0x00000000c1f00000| Untracked 
|  32|0x00000000c2000000, 0x00000000c2000000, 0x00000000c2100000|  0%| F|  |TAMS 0x00000000c2000000, 0x00000000c2000000| Untracked 
|  33|0x00000000c2100000, 0x00000000c2100000, 0x00000000c2200000|  0%| F|  |TAMS 0x00000000c2100000, 0x00000000c2100000| Untracked 
|  34|0x00000000c2200000, 0x00000000c2200000, 0x00000000c2300000|  0%| F|  |TAMS 0x00000000c2200000, 0x00000000c2200000| Untracked 
|  35|0x00000000c2300000, 0x00000000c2300000, 0x00000000c2400000|  0%| F|  |TAMS 0x00000000c2300000, 0x00000000c2300000| Untracked 
|  36|0x00000000c2400000, 0x00000000c2400000, 0x00000000c2500000|  0%| F|  |TAMS 0x00000000c2400000, 0x00000000c2400000| Untracked 
|  37|0x00000000c2500000, 0x00000000c2500000, 0x00000000c2600000|  0%| F|  |TAMS 0x00000000c2500000, 0x00000000c2500000| Untracked 
|  38|0x00000000c2600000, 0x00000000c2600000, 0x00000000c2700000|  0%| F|  |TAMS 0x00000000c2600000, 0x00000000c2600000| Untracked 
|  39|0x00000000c2700000, 0x00000000c27298c8, 0x00000000c2800000| 16%| E|  |TAMS 0x00000000c2700000, 0x00000000c2700000| Complete 
|  40|0x00000000c2800000, 0x00000000c2900000, 0x00000000c2900000|100%| E|CS|TAMS 0x00000000c2800000, 0x00000000c2800000| Complete 
|  41|0x00000000c2900000, 0x00000000c2a00000, 0x00000000c2a00000|100%| E|CS|TAMS 0x00000000c2900000, 0x00000000c2900000| Complete 
|  42|0x00000000c2a00000, 0x00000000c2b00000, 0x00000000c2b00000|100%| E|CS|TAMS 0x00000000c2a00000, 0x00000000c2a00000| Complete 
|  43|0x00000000c2b00000, 0x00000000c2c00000, 0x00000000c2c00000|100%| E|CS|TAMS 0x00000000c2b00000, 0x00000000c2b00000| Complete 
|  44|0x00000000c2c00000, 0x00000000c2d00000, 0x00000000c2d00000|100%| E|CS|TAMS 0x00000000c2c00000, 0x00000000c2c00000| Complete 
|  45|0x00000000c2d00000, 0x00000000c2e00000, 0x00000000c2e00000|100%| E|CS|TAMS 0x00000000c2d00000, 0x00000000c2d00000| Complete 
|  46|0x00000000c2e00000, 0x00000000c2f00000, 0x00000000c2f00000|100%| E|CS|TAMS 0x00000000c2e00000, 0x00000000c2e00000| Complete 
|  47|0x00000000c2f00000, 0x00000000c3000000, 0x00000000c3000000|100%| E|CS|TAMS 0x00000000c2f00000, 0x00000000c2f00000| Complete 
|  48|0x00000000c3000000, 0x00000000c3100000, 0x00000000c3100000|100%| E|CS|TAMS 0x00000000c3000000, 0x00000000c3000000| Complete 
|  49|0x00000000c3100000, 0x00000000c3200000, 0x00000000c3200000|100%| E|CS|TAMS 0x00000000c3100000, 0x00000000c3100000| Complete 
|  50|0x00000000c3200000, 0x00000000c3300000, 0x00000000c3300000|100%| E|CS|TAMS 0x00000000c3200000, 0x00000000c3200000| Complete 
|  51|0x00000000c3300000, 0x00000000c3400000, 0x00000000c3400000|100%| E|CS|TAMS 0x00000000c3300000, 0x00000000c3300000| Complete 
|  52|0x00000000c3400000, 0x00000000c3500000, 0x00000000c3500000|100%| E|CS|TAMS 0x00000000c3400000, 0x00000000c3400000| Complete 
|  53|0x00000000c3500000, 0x00000000c3600000, 0x00000000c3600000|100%| E|CS|TAMS 0x00000000c3500000, 0x00000000c3500000| Complete 
|  76|0x00000000c4c00000, 0x00000000c4d00000, 0x00000000c4d00000|100%| E|CS|TAMS 0x00000000c4c00000, 0x00000000c4c00000| Complete 
|  77|0x00000000c4d00000, 0x00000000c4e00000, 0x00000000c4e00000|100%| E|CS|TAMS 0x00000000c4d00000, 0x00000000c4d00000| Complete 
|  82|0x00000000c5200000, 0x00000000c5300000, 0x00000000c5300000|100%| E|CS|TAMS 0x00000000c5200000, 0x00000000c5200000| Complete 

Card table byte_map: [0x000001aea2240000,0x000001aea2440000] _byte_map_base: 0x000001aea1c40000

Marking Bits (Prev, Next): (CMBitMap*) 0x000001ae8aad9018, (CMBitMap*) 0x000001ae8aad9058
 Prev Bits: [0x000001aea2640000, 0x000001aea3640000)
 Next Bits: [0x000001aea3640000, 0x000001aea4640000)

Polling page: 0x000001ae889b0000

Metaspace:

Usage:
  Non-class:     43.45 MB capacity,    42.67 MB ( 98%) used,   643.76 KB (  1%) free+waste,   155.88 KB ( <1%) overhead. 
      Class:      7.17 MB capacity,     6.67 MB ( 93%) used,   444.92 KB (  6%) free+waste,    73.81 KB (  1%) overhead. 
       Both:     50.63 MB capacity,    49.34 MB ( 97%) used,     1.06 MB (  2%) free+waste,   229.69 KB ( <1%) overhead. 

Virtual space:
  Non-class space:       44.00 MB reserved,      43.50 MB ( 99%) committed 
      Class space:        1.00 GB reserved,       7.25 MB ( <1%) committed 
             Both:        1.04 GB reserved,      50.75 MB (  5%) committed 

Chunk freelists:
   Non-Class:  50.00 KB
       Class:  13.00 KB
        Both:  63.00 KB

MaxMetaspaceSize: 17179869184.00 GB
CompressedClassSpaceSize: 1.00 GB

CodeHeap 'non-profiled nmethods': size=120064Kb used=2584Kb max_used=2584Kb free=117479Kb
 bounds [0x000001ae9ad00000, 0x000001ae9af90000, 0x000001aea2240000]
CodeHeap 'profiled nmethods': size=120000Kb used=10111Kb max_used=10111Kb free=109888Kb
 bounds [0x000001ae937d0000, 0x000001ae941b0000, 0x000001ae9ad00000]
CodeHeap 'non-nmethods': size=5696Kb used=1302Kb max_used=1343Kb free=4393Kb
 bounds [0x000001ae93240000, 0x000001ae934b0000, 0x000001ae937d0000]
 total_blobs=6358 nmethods=4424 adapters=504
 compilation: enabled
              stopped_count=0, restarted_count=0
 full_count=0

Compilation events (20 events):
Event: 18.076 Thread 0x000001aea6932800 4431       3       org.springframework.boot.autoconfigure.condition.ConditionEvaluationReport$$Lambda$814/0x0000000801257c40::accept (20 bytes)
Event: 18.076 Thread 0x000001aea6932800 nmethod 4431 0x000001ae941aa010 code [0x000001ae941aa1c0, 0x000001ae941aa528]
Event: 18.088 Thread 0x000001aea6932800 4432       3       org.springframework.boot.autoconfigure.condition.ConditionEvaluationReport::lambda$addNoMatchOutcomeToAncestors$1 (54 bytes)
Event: 18.089 Thread 0x000001aea6932800 nmethod 4432 0x000001ae941aa610 code [0x000001ae941aa920, 0x000001ae941abaf8]
Event: 18.097 Thread 0x000001aea6932800 4436       1       org.springframework.boot.autoconfigure.condition.ConditionEvaluationReport$ConditionAndOutcome::getOutcome (5 bytes)
Event: 18.097 Thread 0x000001aea6932800 nmethod 4436 0x000001ae9af85c90 code [0x000001ae9af85e20, 0x000001ae9af85ef8]
Event: 18.097 Thread 0x000001aea6932800 4437       3       java.util.TreeMap::getFirstEntry (26 bytes)
Event: 18.097 Thread 0x000001aea6932800 nmethod 4437 0x000001ae941ac190 code [0x000001ae941ac340, 0x000001ae941ac558]
Event: 18.098 Thread 0x000001aea6932800 4438       3       java.util.TreeMap::forEach (58 bytes)
Event: 18.098 Thread 0x000001aea6932800 nmethod 4438 0x000001ae941ac610 code [0x000001ae941ac820, 0x000001ae941aced8]
Event: 18.108 Thread 0x000001aea6932800 4439       3       ch.qos.logback.classic.spi.StackTraceElementProxy::<init> (24 bytes)
Event: 18.108 Thread 0x000001aea6932800 nmethod 4439 0x000001ae941ad190 code [0x000001ae941ad340, 0x000001ae941ad628]
Event: 18.114 Thread 0x000001aea6932800 4440       3       java.lang.StackTraceElement::equals (122 bytes)
Event: 18.115 Thread 0x000001aea6932800 nmethod 4440 0x000001ae941ad710 code [0x000001ae941ad980, 0x000001ae941ae698]
Event: 18.145 Thread 0x000001aea6932800 4441       3       ch.qos.logback.classic.spi.PackagingDataCalculator::computeBySTEP (81 bytes)
Event: 18.145 Thread 0x000001aea6932800 nmethod 4441 0x000001ae941ae990 code [0x000001ae941aebc0, 0x000001ae941af4c8]
Event: 18.145 Thread 0x000001aea6932800 4442       3       ch.qos.logback.classic.spi.StackTraceElementProxy::setClassPackagingData (23 bytes)
Event: 18.145 Thread 0x000001aea6932800 nmethod 4442 0x000001ae941af890 code [0x000001ae941afa40, 0x000001ae941afcc8]
Event: 18.154 Thread 0x000001aea6932800 4443       1       org.springframework.util.ConcurrentReferenceHashMap::access$200 (5 bytes)
Event: 18.154 Thread 0x000001aea6932800 nmethod 4443 0x000001ae9af85f90 code [0x000001ae9af86120, 0x000001ae9af861b8]

GC Heap History (20 events):
Event: 7.515 GC heap before
{Heap before GC invocations=8 (full 0):
 garbage-first heap   total 84992K, used 12636K [0x00000000c0000000, 0x0000000100000000)
  region size 1024K, 8 young (8192K), 5 survivors (5120K)
 Metaspace       used 20517K, capacity 21136K, committed 21248K, reserved 1067008K
  class space    used 2616K, capacity 2809K, committed 2816K, reserved 1048576K
}
Event: 7.530 GC heap after
{Heap after GC invocations=9 (full 0):
 garbage-first heap   total 84992K, used 11049K [0x00000000c0000000, 0x0000000100000000)
  region size 1024K, 4 young (4096K), 4 survivors (4096K)
 Metaspace       used 20517K, capacity 21136K, committed 21248K, reserved 1067008K
  class space    used 2616K, capacity 2809K, committed 2816K, reserved 1048576K
}
Event: 8.691 GC heap before
{Heap before GC invocations=10 (full 0):
 garbage-first heap   total 40960K, used 31529K [0x00000000c0000000, 0x0000000100000000)
  region size 1024K, 24 young (24576K), 4 survivors (4096K)
 Metaspace       used 23437K, capacity 24218K, committed 24320K, reserved 1071104K
  class space    used 3006K, capacity 3275K, committed 3328K, reserved 1048576K
}
Event: 8.736 GC heap after
{Heap after GC invocations=11 (full 0):
 garbage-first heap   total 50176K, used 11766K [0x00000000c0000000, 0x0000000100000000)
  region size 1024K, 2 young (2048K), 2 survivors (2048K)
 Metaspace       used 23437K, capacity 24218K, committed 24320K, reserved 1071104K
  class space    used 3006K, capacity 3275K, committed 3328K, reserved 1048576K
}
Event: 10.535 GC heap before
{Heap before GC invocations=11 (full 0):
 garbage-first heap   total 50176K, used 38390K [0x00000000c0000000, 0x0000000100000000)
  region size 1024K, 29 young (29696K), 2 survivors (2048K)
 Metaspace       used 27472K, capacity 28429K, committed 28544K, reserved 1073152K
  class space    used 3534K, capacity 3888K, committed 3968K, reserved 1048576K
}
Event: 10.555 GC heap after
{Heap after GC invocations=12 (full 0):
 garbage-first heap   total 50176K, used 13810K [0x00000000c0000000, 0x0000000100000000)
  region size 1024K, 4 young (4096K), 4 survivors (4096K)
 Metaspace       used 27472K, capacity 28429K, committed 28544K, reserved 1073152K
  class space    used 3534K, capacity 3888K, committed 3968K, reserved 1048576K
}
Event: 10.575 GC heap before
{Heap before GC invocations=12 (full 0):
 garbage-first heap   total 50176K, used 37362K [0x00000000c0000000, 0x0000000100000000)
  region size 1024K, 28 young (28672K), 4 survivors (4096K)
 Metaspace       used 27472K, capacity 28429K, committed 28544K, reserved 1073152K
  class space    used 3534K, capacity 3888K, committed 3968K, reserved 1048576K
}
Event: 10.593 GC heap after
{Heap after GC invocations=13 (full 0):
 garbage-first heap   total 50176K, used 13678K [0x00000000c0000000, 0x0000000100000000)
  region size 1024K, 1 young (1024K), 1 survivors (1024K)
 Metaspace       used 27472K, capacity 28429K, committed 28544K, reserved 1073152K
  class space    used 3534K, capacity 3888K, committed 3968K, reserved 1048576K
}
Event: 10.846 GC heap before
{Heap before GC invocations=13 (full 0):
 garbage-first heap   total 50176K, used 38254K [0x00000000c0000000, 0x0000000100000000)
  region size 1024K, 26 young (26624K), 1 survivors (1024K)
 Metaspace       used 28102K, capacity 29033K, committed 29056K, reserved 1075200K
  class space    used 3593K, capacity 3961K, committed 3968K, reserved 1048576K
}
Event: 10.849 GC heap after
{Heap after GC invocations=14 (full 0):
 garbage-first heap   total 50176K, used 14203K [0x00000000c0000000, 0x0000000100000000)
  region size 1024K, 1 young (1024K), 1 survivors (1024K)
 Metaspace       used 28102K, capacity 29033K, committed 29056K, reserved 1075200K
  class space    used 3593K, capacity 3961K, committed 3968K, reserved 1048576K
}
Event: 10.898 GC heap before
{Heap before GC invocations=14 (full 0):
 garbage-first heap   total 50176K, used 39803K [0x00000000c0000000, 0x0000000100000000)
  region size 1024K, 27 young (27648K), 1 survivors (1024K)
 Metaspace       used 28110K, capacity 29033K, committed 29056K, reserved 1075200K
  class space    used 3593K, capacity 3961K, committed 3968K, reserved 1048576K
}
Event: 10.899 GC heap after
{Heap after GC invocations=15 (full 0):
 garbage-first heap   total 50176K, used 14125K [0x00000000c0000000, 0x0000000100000000)
  region size 1024K, 1 young (1024K), 1 survivors (1024K)
 Metaspace       used 28110K, capacity 29033K, committed 29056K, reserved 1075200K
  class space    used 3593K, capacity 3961K, committed 3968K, reserved 1048576K
}
Event: 13.002 GC heap before
{Heap before GC invocations=15 (full 0):
 garbage-first heap   total 50176K, used 39725K [0x00000000c0000000, 0x0000000100000000)
  region size 1024K, 27 young (27648K), 1 survivors (1024K)
 Metaspace       used 32789K, capacity 33725K, committed 33920K, reserved 1079296K
  class space    used 4313K, capacity 4672K, committed 4736K, reserved 1048576K
}
Event: 13.012 GC heap after
{Heap after GC invocations=16 (full 0):
 garbage-first heap   total 50176K, used 15326K [0x00000000c0000000, 0x0000000100000000)
  region size 1024K, 2 young (2048K), 2 survivors (2048K)
 Metaspace       used 32789K, capacity 33725K, committed 33920K, reserved 1079296K
  class space    used 4313K, capacity 4672K, committed 4736K, reserved 1048576K
}
Event: 13.501 GC heap before
{Heap before GC invocations=16 (full 0):
 garbage-first heap   total 50176K, used 20446K [0x00000000c0000000, 0x0000000100000000)
  region size 1024K, 9 young (9216K), 2 survivors (2048K)
 Metaspace       used 34486K, capacity 35420K, committed 35584K, reserved 1079296K
  class space    used 4643K, capacity 5001K, committed 5120K, reserved 1048576K
}
Event: 13.510 GC heap after
{Heap after GC invocations=17 (full 0):
 garbage-first heap   total 60416K, used 15667K [0x00000000c0000000, 0x0000000100000000)
  region size 1024K, 2 young (2048K), 2 survivors (2048K)
 Metaspace       used 34486K, capacity 35420K, committed 35584K, reserved 1079296K
  class space    used 4643K, capacity 5001K, committed 5120K, reserved 1048576K
}
Event: 15.296 GC heap before
{Heap before GC invocations=18 (full 0):
 garbage-first heap   total 58368K, used 49459K [0x00000000c0000000, 0x0000000100000000)
  region size 1024K, 35 young (35840K), 2 survivors (2048K)
 Metaspace       used 42430K, capacity 43473K, committed 43648K, reserved 1087488K
  class space    used 5627K, capacity 6001K, committed 6016K, reserved 1048576K
}
Event: 15.315 GC heap after
{Heap after GC invocations=19 (full 0):
 garbage-first heap   total 58368K, used 18881K [0x00000000c0000000, 0x0000000100000000)
  region size 1024K, 5 young (5120K), 5 survivors (5120K)
 Metaspace       used 42430K, capacity 43473K, committed 43648K, reserved 1087488K
  class space    used 5627K, capacity 6001K, committed 6016K, reserved 1048576K
}
Event: 16.915 GC heap before
{Heap before GC invocations=19 (full 0):
 garbage-first heap   total 58368K, used 45505K [0x00000000c0000000, 0x0000000100000000)
  region size 1024K, 31 young (31744K), 5 survivors (5120K)
 Metaspace       used 47540K, capacity 48682K, committed 48896K, reserved 1091584K
  class space    used 6436K, capacity 6878K, committed 6912K, reserved 1048576K
}
Event: 16.940 GC heap after
{Heap after GC invocations=20 (full 0):
 garbage-first heap   total 58368K, used 20263K [0x00000000c0000000, 0x0000000100000000)
  region size 1024K, 2 young (2048K), 2 survivors (2048K)
 Metaspace       used 47540K, capacity 48682K, committed 48896K, reserved 1091584K
  class space    used 6436K, capacity 6878K, committed 6912K, reserved 1048576K
}

Deoptimization events (20 events):
Event: 17.324 Thread 0x000001aea77cf000 DEOPT PACKING pc=0x000001ae9af59060 sp=0x00000074450faea0
Event: 17.324 Thread 0x000001aea77cf000 DEOPT UNPACKING pc=0x000001ae9328912f sp=0x00000074450fade0 mode 2
Event: 17.374 Thread 0x000001aea77cf000 Uncommon trap: trap_request=0xffffff45 fr.pc=0x000001ae9ae94990 relative=0x0000000000000370
Event: 17.374 Thread 0x000001aea77cf000 Uncommon trap: reason=unstable_if action=reinterpret pc=0x000001ae9ae94990 method=java.util.StringTokenizer.scanToken(I)I @ 96 c2
Event: 17.374 Thread 0x000001aea77cf000 DEOPT PACKING pc=0x000001ae9ae94990 sp=0x00000074450fa4a0
Event: 17.374 Thread 0x000001aea77cf000 DEOPT UNPACKING pc=0x000001ae9328912f sp=0x00000074450fa440 mode 2
Event: 17.879 Thread 0x000001aeaa221000 DEOPT PACKING pc=0x000001ae93b456ff sp=0x00000074457fed30
Event: 17.879 Thread 0x000001aeaa221000 DEOPT UNPACKING pc=0x000001ae9328964e sp=0x00000074457fe1c0 mode 3
Event: 17.921 Thread 0x000001aeaa226000 Uncommon trap: trap_request=0xffffff45 fr.pc=0x000001ae9aef35a0 relative=0x0000000000001120
Event: 17.921 Thread 0x000001aeaa226000 Uncommon trap: reason=unstable_if action=reinterpret pc=0x000001ae9aef35a0 method=java.util.Properties$LineReader.readLine()I @ 153 c2
Event: 17.921 Thread 0x000001aeaa226000 DEOPT PACKING pc=0x000001ae9aef35a0 sp=0x00000074458fde10
Event: 17.921 Thread 0x000001aeaa226000 DEOPT UNPACKING pc=0x000001ae9328912f sp=0x00000074458fddb0 mode 2
Event: 17.929 Thread 0x000001aeaa226000 Uncommon trap: trap_request=0xffffff45 fr.pc=0x000001ae9adca8bc relative=0x0000000000000c3c
Event: 17.929 Thread 0x000001aeaa226000 Uncommon trap: reason=unstable_if action=reinterpret pc=0x000001ae9adca8bc method=java.util.Properties$LineReader.readLine()I @ 153 c2
Event: 17.929 Thread 0x000001aeaa226000 DEOPT PACKING pc=0x000001ae9adca8bc sp=0x00000074458fde20
Event: 17.929 Thread 0x000001aeaa226000 DEOPT UNPACKING pc=0x000001ae9328912f sp=0x00000074458fddb0 mode 2
Event: 17.968 Thread 0x000001aea77cf000 Uncommon trap: trap_request=0xffffff54 fr.pc=0x000001ae9adc53a8 relative=0x00000000000001a8
Event: 17.968 Thread 0x000001aea77cf000 Uncommon trap: reason=speculate_null_assert action=make_not_entrant pc=0x000001ae9adc53a8 method=org.springframework.util.ConcurrentReferenceHashMap$Segment.restructureIfNecessary(Z)V @ 41 c2
Event: 17.968 Thread 0x000001aea77cf000 DEOPT PACKING pc=0x000001ae9adc53a8 sp=0x00000074450fdd20
Event: 17.968 Thread 0x000001aea77cf000 DEOPT UNPACKING pc=0x000001ae9328912f sp=0x00000074450fdcd8 mode 2

Classes unloaded (0 events):
No events

Classes redefined (0 events):
No events

Internal exceptions (20 events):
Event: 16.526 Thread 0x000001aea77cf000 Exception <a 'java/lang/ClassNotFoundException'{0x00000000c26b0220}: org/springframework/beans/factory/BeanFactoryAwareCustomizer> (0x00000000c26b0220) 
thrown [./open/src/hotspot/share/classfile/systemDictionary.cpp, line 226]
Event: 16.527 Thread 0x000001aea77cf000 Exception <a 'java/lang/ClassNotFoundException'{0x00000000c26bd180}: org/springframework/beans/factory/AwareCustomizer> (0x00000000c26bd180) 
thrown [./open/src/hotspot/share/classfile/systemDictionary.cpp, line 226]
Event: 16.538 Thread 0x000001aea77cf000 Exception <a 'java/lang/ClassNotFoundException'{0x00000000c26cad60}: org/springframework/context/ApplicationEventPublisherAwareCustomizer> (0x00000000c26cad60) 
thrown [./open/src/hotspot/share/classfile/systemDictionary.cpp, line 226]
Event: 16.539 Thread 0x000001aea77cf000 Exception <a 'java/lang/ClassNotFoundException'{0x00000000c26d7cc8}: org/springframework/beans/factory/AwareCustomizer> (0x00000000c26d7cc8) 
thrown [./open/src/hotspot/share/classfile/systemDictionary.cpp, line 226]
Event: 16.549 Thread 0x000001aea77cf000 Exception <a 'java/lang/ClassNotFoundException'{0x00000000c2500ea8}: java/lang/ObjectCustomizer> (0x00000000c2500ea8) 
thrown [./open/src/hotspot/share/classfile/systemDictionary.cpp, line 226]
Event: 16.549 Thread 0x000001aea77cf000 Exception <a 'java/lang/ClassNotFoundException'{0x00000000c25120f0}: org/springframework/core/io/support/PropertiesLoaderSupportCustomizer> (0x00000000c25120f0) 
thrown [./open/src/hotspot/share/classfile/systemDictionary.cpp, line 226]
Event: 16.579 Thread 0x000001aea77cf000 Exception <a 'java/lang/ClassNotFoundException'{0x00000000c2528790}: org/springframework/beans/factory/config/PropertiesFactoryBeanCustomizer> (0x00000000c2528790) 
thrown [./open/src/hotspot/share/classfile/systemDictionary.cpp, line 226]
Event: 16.586 Thread 0x000001aea77cf000 Exception <a 'java/lang/ClassNotFoundException'{0x00000000c25458d0}: org/springframework/beans/factory/FactoryBeanCustomizer> (0x00000000c25458d0) 
thrown [./open/src/hotspot/share/classfile/systemDictionary.cpp, line 226]
Event: 16.588 Thread 0x000001aea77cf000 Exception <a 'java/lang/ClassNotFoundException'{0x00000000c2555208}: org/springframework/beans/factory/InitializingBeanCustomizer> (0x00000000c2555208) 
thrown [./open/src/hotspot/share/classfile/systemDictionary.cpp, line 226]
Event: 16.755 Thread 0x000001aea77cf000 Exception <a 'java/lang/NoSuchMethodError'{0x00000000c225af40}: 'java.lang.Object java.lang.invoke.DirectMethodHandle$Holder.invokeSpecialIFC(java.lang.Object, java.lang.Object, java.lang.Object)'> (0x00000000c225af40) 
thrown [./open/src/hotspot/share/interpreter/linkResolver.cpp, line 766]
Event: 16.828 Thread 0x000001aea77cf000 Exception <a 'java/lang/NoSuchMethodError'{0x00000000c21e0c00}: 'java.lang.Object java.lang.invoke.DirectMethodHandle$Holder.invokeInterface(java.lang.Object, java.lang.Object, java.lang.Object)'> (0x00000000c21e0c00) 
thrown [./open/src/hotspot/share/interpreter/linkResolver.cpp, line 766]
Event: 16.985 Thread 0x000001aea77cf000 Exception <a 'java/lang/ClassNotFoundException'{0x00000000c52a53d8}: java/lang/ObjectCustomizer> (0x00000000c52a53d8) 
thrown [./open/src/hotspot/share/classfile/systemDictionary.cpp, line 226]
Event: 16.986 Thread 0x000001aea77cf000 Exception <a 'java/lang/ClassNotFoundException'{0x00000000c52b77b8}: com/example/restaurantreservation/reservation/ReservationCustomizer> (0x00000000c52b77b8) 
thrown [./open/src/hotspot/share/classfile/systemDictionary.cpp, line 226]
Event: 17.012 Thread 0x000001aea77cf000 Exception <a 'java/lang/NoSuchMethodError'{0x00000000c4db6798}: 'int java.lang.invoke.DirectMethodHandle$Holder.invokeVirtual(java.lang.Object, java.lang.Object, java.lang.Object)'> (0x00000000c4db6798) 
thrown [./open/src/hotspot/share/interpreter/linkResolver.cpp, line 766]
Event: 17.071 Thread 0x000001aea77cf000 Exception <a 'java/lang/IncompatibleClassChangeError'{0x00000000c4cd8fc0}: Found class java.lang.Object, but interface was expected> (0x00000000c4cd8fc0) 
thrown [./open/src/hotspot/share/interpreter/linkResolver.cpp, line 832]
Event: 17.307 Thread 0x000001aea77cf000 Exception <a 'java/lang/NoSuchMethodError'{0x00000000c3058708}: 'java.lang.Object java.lang.invoke.DirectMethodHandle$Holder.invokeStatic(java.lang.Object, int, java.lang.Object, java.lang.Object)'> (0x00000000c3058708) 
thrown [./open/src/hotspot/share/interpreter/linkResolver.cpp, line 766]
Event: 17.862 Thread 0x000001aea77cf000 Exception <a 'java/lang/reflect/InvocationTargetException'{0x00000000c2aca928}> (0x00000000c2aca928) 
thrown [./open/src/hotspot/share/runtime/reflection.cpp, line 1188]
Event: 18.046 Thread 0x000001aeaa11d800 Exception <a 'java/lang/InterruptedException'{0x00000000c29f9020}: sleep interrupted> (0x00000000c29f9020) 
thrown [./open/src/hotspot/share/prims/jvm.cpp, line 3074]
Event: 18.116 Thread 0x000001aea77cf000 Exception <a 'java/lang/NoClassDefFoundError'{0x00000000c2847718}: sun/reflect/Reflection> (0x00000000c2847718) 
thrown [./open/src/hotspot/share/classfile/systemDictionary.cpp, line 215]
Event: 18.153 Thread 0x000001aea77cf000 Exception <a 'java/lang/reflect/InvocationTargetException'{0x00000000c28d9bd8}> (0x00000000c28d9bd8) 
thrown [./open/src/hotspot/share/runtime/reflection.cpp, line 1188]

Events (20 events):
Event: 18.026 loading class java/beans/ThreadGroupContext done
Event: 18.026 loading class java/beans/ThreadGroupContext$1
Event: 18.026 loading class java/beans/WeakIdentityMap
Event: 18.028 loading class java/beans/WeakIdentityMap done
Event: 18.028 loading class java/beans/ThreadGroupContext$1 done
Event: 18.028 loading class java/beans/WeakIdentityMap$Entry
Event: 18.028 loading class java/beans/WeakIdentityMap$Entry done
Event: 18.028 loading class java/util/WeakHashMap$KeyIterator
Event: 18.028 loading class java/util/WeakHashMap$KeyIterator done
Event: 18.046 Thread 0x000001aeaa11d800 Thread exited: 0x000001aeaa11d800
Event: 18.116 loading class sun/reflect/Reflection
Event: 18.116 loading class sun/reflect/Reflection done
Event: 18.116 loading class java/security/AllPermissionCollection
Event: 18.117 loading class java/security/AllPermissionCollection done
Event: 18.153 Thread 0x000001aea77cf000 Thread exited: 0x000001aea77cf000
Event: 18.154 Executing VM operation: HandshakeOneThread
Event: 18.154 Executing VM operation: HandshakeOneThread done
Event: 18.155 Thread 0x000001aea7ced800 Thread exited: 0x000001aea7ced800
Event: 18.155 Thread 0x000001ae8aaa9000 Thread exited: 0x000001ae8aaa9000
Event: 18.155 Thread 0x000001aea88ab000 Thread added: 0x000001aea88ab000


Dynamic libraries:
0x00007ff653640000 - 0x00007ff65364f000 	C:\Program Files\Java\jdk-14.0.1\bin\javaw.exe
0x00007ffd5f530000 - 0x00007ffd5f71d000 	C:\windows\SYSTEM32\ntdll.dll
0x00007ffd5ed10000 - 0x00007ffd5edc3000 	C:\windows\System32\KERNEL32.DLL
0x00007ffd5c3d0000 - 0x00007ffd5c665000 	C:\windows\System32\KERNELBASE.dll
0x00007ffd5bff0000 - 0x00007ffd5c0ea000 	C:\windows\System32\ucrtbase.dll
0x00007ffd34a90000 - 0x00007ffd34aa8000 	C:\Program Files\Java\jdk-14.0.1\bin\jli.dll
0x00007ffd5cd30000 - 0x00007ffd5cdd3000 	C:\windows\System32\ADVAPI32.dll
0x00007ffd5ee50000 - 0x00007ffd5eeee000 	C:\windows\System32\msvcrt.dll
0x00007ffd5eb10000 - 0x00007ffd5ebae000 	C:\windows\System32\sechost.dll
0x00007ffd5e9e0000 - 0x00007ffd5eb02000 	C:\windows\System32\RPCRT4.dll
0x00007ffd5c750000 - 0x00007ffd5c8e7000 	C:\windows\System32\USER32.dll
0x00007ffd5b5f0000 - 0x00007ffd5b610000 	C:\windows\System32\win32u.dll
0x00007ffd5cd00000 - 0x00007ffd5cd29000 	C:\windows\System32\GDI32.dll
0x00007ffd5be50000 - 0x00007ffd5bfe9000 	C:\windows\System32\gdi32full.dll
0x00007ffd5c0f0000 - 0x00007ffd5c190000 	C:\windows\System32\msvcp_win.dll
0x00007ffd34610000 - 0x00007ffd34625000 	C:\Program Files\Java\jdk-14.0.1\bin\VCRUNTIME140.dll
0x00007ffd48e60000 - 0x00007ffd490d9000 	C:\windows\WinSxS\amd64_microsoft.windows.common-controls_6595b64144ccf1df_6.0.17763.1158_none_de722d88534a897f\COMCTL32.dll
0x00007ffd54630000 - 0x00007ffd5463a000 	C:\windows\SYSTEM32\VERSION.dll
0x00007ffd5f080000 - 0x00007ffd5f3ac000 	C:\windows\System32\combase.dll
0x00007ffd5b610000 - 0x00007ffd5b68e000 	C:\windows\System32\bcryptPrimitives.dll
0x00007ffd5d020000 - 0x00007ffd5d04e000 	C:\windows\System32\IMM32.DLL
0x00007ffd25550000 - 0x00007ffd255eb000 	C:\Program Files\Java\jdk-14.0.1\bin\msvcp140.dll
0x00007ffd0b4f0000 - 0x00007ffd0c00e000 	C:\Program Files\Java\jdk-14.0.1\bin\server\jvm.dll
0x00007ffd5f070000 - 0x00007ffd5f078000 	C:\windows\System32\PSAPI.DLL
0x00007ffd47b90000 - 0x00007ffd47b99000 	C:\windows\SYSTEM32\WSOCK32.dll
0x00007ffd5f430000 - 0x00007ffd5f49d000 	C:\windows\System32\WS2_32.dll
0x00007ffd47060000 - 0x00007ffd47084000 	C:\windows\SYSTEM32\WINMM.dll
0x00007ffd47030000 - 0x00007ffd4705d000 	C:\windows\SYSTEM32\WINMMBASE.dll
0x00007ffd5be00000 - 0x00007ffd5be4a000 	C:\windows\System32\cfgmgr32.dll
0x00007ffd5b520000 - 0x00007ffd5b531000 	C:\windows\System32\kernel.appcore.dll
0x00007ffd34a80000 - 0x00007ffd34a8a000 	C:\Program Files\Java\jdk-14.0.1\bin\jimage.dll
0x00007ffd565b0000 - 0x00007ffd5679d000 	C:\windows\SYSTEM32\DBGHELP.DLL
0x00007ffd56280000 - 0x00007ffd562aa000 	C:\windows\SYSTEM32\dbgcore.DLL
0x00007ffd345e0000 - 0x00007ffd34605000 	C:\Program Files\Java\jdk-14.0.1\bin\java.dll
0x00007ffd345c0000 - 0x00007ffd345d6000 	C:\Program Files\Java\jdk-14.0.1\bin\zip.dll
0x00007ffd5d4d0000 - 0x00007ffd5e9c4000 	C:\windows\System32\SHELL32.dll
0x00007ffd5eef0000 - 0x00007ffd5ef98000 	C:\windows\System32\shcore.dll
0x00007ffd5b690000 - 0x00007ffd5bddd000 	C:\windows\System32\windows.storage.dll
0x00007ffd5b560000 - 0x00007ffd5b584000 	C:\windows\System32\profapi.dll
0x00007ffd5b590000 - 0x00007ffd5b5ed000 	C:\windows\System32\powrprof.dll
0x00007ffd5edf0000 - 0x00007ffd5ee42000 	C:\windows\System32\shlwapi.dll
0x00007ffd5bde0000 - 0x00007ffd5bdf7000 	C:\windows\System32\cryptsp.dll
0x00007ffd345a0000 - 0x00007ffd345b9000 	C:\Program Files\Java\jdk-14.0.1\bin\net.dll
0x00007ffd56cc0000 - 0x00007ffd56db2000 	C:\windows\SYSTEM32\WINHTTP.dll
0x00007ffd5ad30000 - 0x00007ffd5ad97000 	C:\windows\system32\mswsock.dll
0x00007ffd28710000 - 0x00007ffd28722000 	C:\Program Files\Java\jdk-14.0.1\bin\nio.dll
0x00007ffd349b0000 - 0x00007ffd349c0000 	C:\Program Files\Java\jdk-14.0.1\bin\verify.dll
0x00007ffd34950000 - 0x00007ffd34959000 	C:\Program Files\Java\jdk-14.0.1\bin\management.dll
0x00007ffd34860000 - 0x00007ffd3486b000 	C:\Program Files\Java\jdk-14.0.1\bin\management_ext.dll
0x00007ffd4b760000 - 0x00007ffd4b776000 	C:\windows\system32\napinsp.dll
0x00007ffd5aa90000 - 0x00007ffd5ab57000 	C:\windows\SYSTEM32\DNSAPI.dll
0x00007ffd5e9d0000 - 0x00007ffd5e9d8000 	C:\windows\System32\NSI.dll
0x00007ffd5aa50000 - 0x00007ffd5aa8d000 	C:\windows\SYSTEM32\IPHLPAPI.DLL
0x00007ffd4b230000 - 0x00007ffd4b23e000 	C:\windows\System32\winrnr.dll
0x00007ffd57e00000 - 0x00007ffd57e1b000 	C:\windows\system32\NLAapi.dll
0x00007ffd4b210000 - 0x00007ffd4b225000 	C:\windows\system32\wshbth.dll
0x00007ffd55bc0000 - 0x00007ffd55bca000 	C:\Windows\System32\rasadhlp.dll
0x00007ffd56390000 - 0x00007ffd56409000 	C:\windows\System32\fwpuclnt.dll
0x00007ffd5c670000 - 0x00007ffd5c696000 	C:\windows\System32\bcrypt.dll
0x00007ffd5a8b0000 - 0x00007ffd5a8e3000 	C:\windows\system32\rsaenh.dll
0x00007ffd5b420000 - 0x00007ffd5b448000 	C:\windows\SYSTEM32\USERENV.dll
0x00007ffd5af00000 - 0x00007ffd5af0c000 	C:\windows\SYSTEM32\CRYPTBASE.dll
0x00007ffd56250000 - 0x00007ffd56266000 	C:\windows\SYSTEM32\dhcpcsvc6.DLL
0x00007ffd56230000 - 0x00007ffd5624c000 	C:\windows\SYSTEM32\dhcpcsvc.DLL

dbghelp: loaded successfully - version: 4.0.5 - missing functions: none
symbol engine: initialized successfully - sym options: 0x614 - pdb path: .;C:\Program Files\Java\jdk-14.0.1\bin;C:\windows\SYSTEM32;C:\windows\WinSxS\amd64_microsoft.windows.common-controls_6595b64144ccf1df_6.0.17763.1158_none_de722d88534a897f;C:\Program Files\Java\jdk-14.0.1\bin\server

VM Arguments:
jvm_args: -Dfile.encoding=UTF-8 
java_command: com.example.restaurantreservation.RestaurantReservationApplication
java_class_path (initial): C:\Users\lncoretech\New folder\restaurant-reservation\target\classes;C:\Users\lncoretech\.m2\repository\org\hsqldb\hsqldb\2.5.0\hsqldb-2.5.0.jar;C:\Users\lncoretech\.m2\repository\org\springframework\boot\spring-boot-starter-data-jpa\2.2.6.RELEASE\spring-boot-starter-data-jpa-2.2.6.RELEASE.jar;C:\Users\lncoretech\.m2\repository\org\springframework\boot\spring-boot-starter-aop\2.2.6.RELEASE\spring-boot-starter-aop-2.2.6.RELEASE.jar;C:\Users\lncoretech\.m2\repository\org\springframework\spring-aop\5.2.5.RELEASE\spring-aop-5.2.5.RELEASE.jar;C:\Users\lncoretech\.m2\repository\org\aspectj\aspectjweaver\1.9.5\aspectjweaver-1.9.5.jar;C:\Users\lncoretech\.m2\repository\org\springframework\boot\spring-boot-starter-jdbc\2.2.6.RELEASE\spring-boot-starter-jdbc-2.2.6.RELEASE.jar;C:\Users\lncoretech\.m2\repository\com\zaxxer\HikariCP\3.4.2\HikariCP-3.4.2.jar;C:\Users\lncoretech\.m2\repository\org\springframework\spring-jdbc\5.2.5.RELEASE\spring-jdbc-5.2.5.RELEASE.jar;C:\Users\lncoretech\.m2\repository\jakarta\activation\jakarta.activation-api\1.2.2\jakarta.activation-api-1.2.2.jar;C:\Users\lncoretech\.m2\repository\jakarta\persistence\jakarta.persistence-api\2.2.3\jakarta.persistence-api-2.2.3.jar;C:\Users\lncoretech\.m2\repository\jakarta\transaction\jakarta.transaction-api\1.3.3\jakarta.transaction-api-1.3.3.jar;C:\Users\lncoretech\.m2\repository\org\hibernate\hibernate-core\5.4.12.Final\hibernate-core-5.4.12.Final.jar;C:\Users\lncoretech\.m2\repository\org\jboss\logging\jboss-logging\3.4.1.Final\jboss-logging-3.4.1.Final.jar;C:\Users\lncoretech\.m2\repository\org\javassist\javassist\3.24.0-GA\javassist-3.24.0-GA.jar;C:\Users\lncoretech\.m2\repository\net\bytebuddy\byte-buddy\1.10.8\byte-buddy-1.10.8.jar;C:\Users\lncoretech\.m2\repository\antlr\antlr\2.7.7\antlr-2.7.7.jar;C:\Users\lncoretech\.m2\repository\org\jboss\jandex\2.1.1.Final\jandex-2.1.1.Final.jar;C:\Users\lncoretech\.m2\repository\com\fasterxml\classmate\1.5.1\classmate-1.5.1.jar;C:\Users
Launcher Type: SUN_STANDARD

[Global flags]
     intx CICompilerCount                          = 2                                         {product} {ergonomic}
     uint ConcGCThreads                            = 1                                         {product} {ergonomic}
     uint G1ConcRefinementThreads                  = 2                                         {product} {ergonomic}
   size_t G1HeapRegionSize                         = 1048576                                   {product} {ergonomic}
    uintx GCDrainStackTargetSize                   = 64                                        {product} {ergonomic}
   size_t InitialHeapSize                          = 67108864                                  {product} {ergonomic}
   size_t MarkStackSize                            = 4194304                                   {product} {ergonomic}
   size_t MaxHeapSize                              = 1073741824                                {product} {ergonomic}
   size_t MaxNewSize                               = 643825664                                 {product} {ergonomic}
   size_t MinHeapDeltaBytes                        = 1048576                                   {product} {ergonomic}
   size_t MinHeapSize                              = 8388608                                   {product} {ergonomic}
    uintx NonNMethodCodeHeapSize                   = 5826188                                {pd product} {ergonomic}
    uintx NonProfiledCodeHeapSize                  = 122916026                              {pd product} {ergonomic}
    uintx ProfiledCodeHeapSize                     = 122916026                              {pd product} {ergonomic}
    uintx ReservedCodeCacheSize                    = 251658240                              {pd product} {ergonomic}
     bool SegmentedCodeCache                       = true                                      {product} {ergonomic}
   size_t SoftMaxHeapSize                          = 1073741824                             {manageable} {ergonomic}
     bool UseCompressedClassPointers               = true                                 {lp64_product} {ergonomic}
     bool UseCompressedOops                        = true                                 {lp64_product} {ergonomic}
     bool UseG1GC                                  = true                                      {product} {ergonomic}
     bool UseLargePagesIndividualAllocation        = false                                  {pd product} {ergonomic}

Logging:
Log output configuration:
 #0: stdout all=warning uptime,level,tags
 #1: stderr all=off uptime,level,tags

Environment Variables:
PATH=C:/Program Files/Java/jre1.8.0_221/bin/server;C:/Program Files/Java/jre1.8.0_221/bin;C:/Program Files/Java/jre1.8.0_221/lib/amd64;C:\Program Files (x86)\Common Files\Oracle\Java\javapath;C:\Program Files (x86)\Microsoft SDKs\Azure\CLI2\wbin;C:\Python36\Scripts\;C:\Python36\;C:\windows\system32;C:\windows;C:\windows\System32\Wbem;C:\windows\System32\WindowsPowerShell\v1.0\;C:\windows\System32\OpenSSH\;C:\ProgramData\chocolatey\bin;C:\Program Files\Git\cmd;C:\Program Files\Microsoft\Web Platform Installer\;C:\Program Files\dotnet\;C:\Program Files\MySQL\MySQL Utilities 1.6\;C:\Users\lncoretech\AppData\Local\Programs\Python\Python36\Scripts\;C:\Users\lncoretech\AppData\Local\Programs\Python\Python36\;C:\Users\lncoretech\AppData\Local\Microsoft\WindowsApps;C:\Program Files\R\R-3.5.1\bin;C:\Program Files\MongoDB\Server\4.0\bin;C:\tools\mysql\current\bin;C:\Users\lncoretech\.dotnet\tools;C:\Program Files\Docker Toolbox;C:\Users\lncoretech\AppData\Local\Programs\Microsoft VS Code\bin;C:\Users\lncoretech\Downloads\sts-4.6.0.RELEASE;
USERNAME=lncoretech
OS=Windows_NT
PROCESSOR_IDENTIFIER=Intel64 Family 6 Model 79 Stepping 1, GenuineIntel



---------------  S Y S T E M  ---------------

OS: Windows Server 2019 , 64 bit Build 17763 (10.0.17763.1158)
OS uptime: 9 days 1:56 hours
HyperV virtualization detected

CPU:total 2 (initial active 2) (2 cores per cpu, 1 threads per core) family 6 model 79 stepping 1, cmov, cx8, fxsr, mmx, sse, sse2, sse3, ssse3, sse4.1, sse4.2, popcnt, avx, avx2, aes, clmul, erms, rtm, 3dnowpref, lzcnt, tsc, bmi1, bmi2, adx, fma

Memory: 4k page, system-wide physical 4095M (93M free)
TotalPageFile size 6655M (AvailPageFile size 4M)
current process WorkingSet (physical memory assigned to process): 209M, peak: 209M
current process commit charge ("private bytes"): 237M, peak: 237M

vm_info: Java HotSpot(TM) 64-Bit Server VM (14.0.1+7) for windows-amd64 JRE (14.0.1+7), built on Mar  5 2020 10:30:14 by "mach5one" with MS VC++ 15.9 (VS2017)

END.
