#
# There is insufficient memory for the Java Runtime Environment to continue.
# Native memory allocation (malloc) failed to allocate 1909008 bytes for Chunk::new
# Possible reasons:
#   The system is out of physical RAM or swap space
#   The process is running with CompressedOops enabled, and the Java Heap may be blocking the growth of the native heap
# Possible solutions:
#   Reduce memory load on the system
#   Increase physical memory or swap space
#   Check if swap backing store is full
#   Decrease Java heap size (-Xmx/-Xms)
#   Decrease number of Java threads
#   Decrease Java thread stack sizes (-Xss)
#   Set larger code cache with -XX:ReservedCodeCacheSize=
#   JVM is running with Unscaled Compressed Oops mode in which the Java heap is
#     placed in the first 4GB address space. The Java Heap base address is the
#     maximum limit for the native heap growth. Please use -XX:HeapBaseMinAddress
#     to set the Java Heap base and to place the Java Heap above 4GB virtual address.
# This output file may be truncated or incomplete.
#
#  Out of Memory Error (./open/src/hotspot/share/memory/arena.cpp:195), pid=9044, tid=756
#
# JRE version: Java(TM) SE Runtime Environment (14.0.1+7) (build 14.0.1+7)
# Java VM: Java HotSpot(TM) 64-Bit Server VM (14.0.1+7, mixed mode, sharing, tiered, compressed oops, g1 gc, windows-amd64)
# Core dump will be written. Default location: C:\Users\lncoretech\New folder\restaurant-reservation\hs_err_pid9044.mdmp
#

---------------  S U M M A R Y ------------

Command Line: -Dfile.encoding=UTF-8 com.example.restaurantreservation.RestaurantReservationApplication

Host: Intel(R) Xeon(R) CPU E5-2673 v4 @ 2.30GHz, 2 cores, 3G,  Windows Server 2019 , 64 bit Build 17763 (10.0.17763.1158)
Time: Fri Apr 24 19:02:11 2020 India Standard Time elapsed time: 21 seconds (0d 0h 0m 21s)

---------------  T H R E A D  ---------------

Current thread (0x0000021c64acc000):  JavaThread "C2 CompilerThread0" daemon [_thread_in_native, id=756, stack(0x0000003405000000,0x0000003405100000)]


Current CompileTask:
C2:  21475 4318       4       org.springframework.core.annotation.TypeMappedAnnotations$MergedAnnotationFinder::doWithAnnotations (75 bytes)

Stack: [0x0000003405000000,0x0000003405100000]
Native frames: (J=compiled Java code, j=interpreted, Vv=VM code, C=native code)
V  [jvm.dll+0x5f840a]
V  [jvm.dll+0x741e4a]
V  [jvm.dll+0x7435ff]
V  [jvm.dll+0x743c43]
V  [jvm.dll+0x20d288]
V  [jvm.dll+0xabb07]
V  [jvm.dll+0xac1fc]
V  [jvm.dll+0x31c4c5]
V  [jvm.dll+0x2e6b48]
V  [jvm.dll+0x2e5f4a]
V  [jvm.dll+0x1e5e16]
V  [jvm.dll+0x1e50b8]
V  [jvm.dll+0x1779cc]
V  [jvm.dll+0x1f4105]
V  [jvm.dll+0x1f22eb]
V  [jvm.dll+0x706a9d]
V  [jvm.dll+0x6ff8ba]
V  [jvm.dll+0x5f72c6]
C  [ucrtbase.dll+0x21ffa]
C  [KERNEL32.DLL+0x17974]
C  [ntdll.dll+0x6a271]


---------------  P R O C E S S  ---------------

Threads class SMR info:
_java_thread_list=0x0000021c6810d6f0, length=19, elements={
0x0000021c48cb9000, 0x0000021c64aad000, 0x0000021c64aae800, 0x0000021c64ac5800,
0x0000021c64ac8800, 0x0000021c64ac9800, 0x0000021c64acc000, 0x0000021c64b17800,
0x0000021c64b2d800, 0x0000021c65523000, 0x0000021c65528800, 0x0000021c661a0800,
0x0000021c65fe6800, 0x0000021c67095000, 0x0000021c67ba6800, 0x0000021c67c4f800,
0x0000021c65dba000, 0x0000021c66b76000, 0x0000021c65e62000
}

Java Threads: ( => current thread )
  0x0000021c48cb9000 JavaThread "main" [_thread_blocked, id=4700, stack(0x0000003404400000,0x0000003404500000)]
  0x0000021c64aad000 JavaThread "Reference Handler" daemon [_thread_blocked, id=10332, stack(0x0000003404b00000,0x0000003404c00000)]
  0x0000021c64aae800 JavaThread "Finalizer" daemon [_thread_blocked, id=10184, stack(0x0000003404c00000,0x0000003404d00000)]
  0x0000021c64ac5800 JavaThread "Signal Dispatcher" daemon [_thread_blocked, id=10668, stack(0x0000003404d00000,0x0000003404e00000)]
  0x0000021c64ac8800 JavaThread "Attach Listener" daemon [_thread_blocked, id=2920, stack(0x0000003404e00000,0x0000003404f00000)]
  0x0000021c64ac9800 JavaThread "Service Thread" daemon [_thread_blocked, id=10476, stack(0x0000003404f00000,0x0000003405000000)]
=>0x0000021c64acc000 JavaThread "C2 CompilerThread0" daemon [_thread_in_native, id=756, stack(0x0000003405000000,0x0000003405100000)]
  0x0000021c64b17800 JavaThread "C1 CompilerThread0" daemon [_thread_blocked, id=9132, stack(0x0000003405100000,0x0000003405200000)]
  0x0000021c64b2d800 JavaThread "Sweeper thread" daemon [_thread_blocked, id=8588, stack(0x0000003405200000,0x0000003405300000)]
  0x0000021c65523000 JavaThread "Notification Thread" daemon [_thread_blocked, id=1796, stack(0x0000003405300000,0x0000003405400000)]
  0x0000021c65528800 JavaThread "Common-Cleaner" daemon [_thread_blocked, id=1276, stack(0x0000003405500000,0x0000003405600000)]
  0x0000021c661a0800 JavaThread "Thread-0" [_thread_blocked, id=760, stack(0x0000003405700000,0x0000003405800000)]
  0x0000021c65fe6800 JavaThread "restartedMain" [_thread_in_vm, id=2728, stack(0x0000003405800000,0x0000003405900000)]
  0x0000021c67095000 JavaThread "Catalina-utility-1" [_thread_blocked, id=5316, stack(0x0000003405900000,0x0000003405a00000)]
  0x0000021c67ba6800 JavaThread "Catalina-utility-2" [_thread_blocked, id=7620, stack(0x0000003405a00000,0x0000003405b00000)]
  0x0000021c67c4f800 JavaThread "container-0" [_thread_blocked, id=8276, stack(0x0000003405b00000,0x0000003405c00000)]
  0x0000021c65dba000 JavaThread "mysql-cj-abandoned-connection-cleanup" daemon [_thread_blocked, id=7160, stack(0x0000003405c00000,0x0000003405d00000)]
  0x0000021c66b76000 JavaThread "HikariPool-1 housekeeper" daemon [_thread_blocked, id=7940, stack(0x0000003405e00000,0x0000003405f00000)]
  0x0000021c65e62000 JavaThread "HikariPool-1 connection adder" daemon [_thread_blocked, id=6328, stack(0x0000003405f00000,0x0000003406000000)]

Other Threads:
  0x0000021c64aa9000 VMThread "VM Thread" [stack: 0x0000003404a00000,0x0000003404b00000] [id=10324]
  0x0000021c6552c000 WatcherThread [stack: 0x0000003405400000,0x0000003405500000] [id=8340]
  0x0000021c48ce7000 GCTaskThread "GC Thread#0" [stack: 0x0000003404500000,0x0000003404600000] [id=1444]
  0x0000021c6585e000 GCTaskThread "GC Thread#1" [stack: 0x0000003405600000,0x0000003405700000] [id=2504]
  0x0000021c48cf2000 ConcurrentGCThread "G1 Main Marker" [stack: 0x0000003404600000,0x0000003404700000] [id=3368]
  0x0000021c48cf4000 ConcurrentGCThread "G1 Conc#0" [stack: 0x0000003404700000,0x0000003404800000] [id=1624]
  0x0000021c48d40800 ConcurrentGCThread "G1 Refine#0" [stack: 0x0000003404800000,0x0000003404900000] [id=3356]
  0x0000021c48d42800 ConcurrentGCThread "G1 Young RemSet Sampling" [stack: 0x0000003404900000,0x0000003404a00000] [id=7480]

Threads with active compile tasks:
C2 CompilerThread0    21524 4318       4       org.springframework.core.annotation.TypeMappedAnnotations$MergedAnnotationFinder::doWithAnnotations (75 bytes)
C1 CompilerThread0    21524 4342       3       java.util.regex.Matcher::group (112 bytes)

VM state:not at safepoint (normal execution)

VM Mutex/Monitor currently owned by a thread: None

Heap address: 0x00000000c0000000, size: 1024 MB, Compressed Oops mode: 32-bit
Narrow klass base: 0x0000000800000000, Narrow klass shift: 3
Compressed class space size: 1073741824 Address: 0x0000000800b30000

Heap:
 garbage-first heap   total 65536K, used 23205K [0x00000000c0000000, 0x0000000100000000)
  region size 1024K, 6 young (6144K), 3 survivors (3072K)
 Metaspace       used 50092K, capacity 51401K, committed 51584K, reserved 1093632K
  class space    used 6770K, capacity 7289K, committed 7296K, reserved 1048576K
Heap Regions: E=young(eden), S=young(survivor), O=old, HS=humongous(starts), HC=humongous(continues), CS=collection set, F=free, OA=open archive, CA=closed archive, TAMS=top-at-mark-start (previous, next)
|   0|0x00000000c0000000, 0x00000000c0100000, 0x00000000c0100000|100%|HS|  |TAMS 0x00000000c0100000, 0x00000000c0000000| Complete 
|   1|0x00000000c0100000, 0x00000000c0200000, 0x00000000c0200000|100%| O|  |TAMS 0x00000000c0200000, 0x00000000c0100000| Untracked 
|   2|0x00000000c0200000, 0x00000000c0300000, 0x00000000c0300000|100%| O|  |TAMS 0x00000000c0300000, 0x00000000c0200000| Untracked 
|   3|0x00000000c0300000, 0x00000000c0400000, 0x00000000c0400000|100%| O|  |TAMS 0x00000000c0400000, 0x00000000c0300000| Untracked 
|   4|0x00000000c0400000, 0x00000000c0500000, 0x00000000c0500000|100%| O|  |TAMS 0x00000000c0500000, 0x00000000c0400000| Untracked 
|   5|0x00000000c0500000, 0x00000000c0600000, 0x00000000c0600000|100%| O|  |TAMS 0x00000000c0600000, 0x00000000c0500000| Untracked 
|   6|0x00000000c0600000, 0x00000000c0700000, 0x00000000c0700000|100%| O|  |TAMS 0x00000000c0700000, 0x00000000c0600000| Untracked 
|   7|0x00000000c0700000, 0x00000000c0712400, 0x00000000c0800000|  7%| O|  |TAMS 0x00000000c0712400, 0x00000000c0700000| Untracked 
|   8|0x00000000c0800000, 0x00000000c0900000, 0x00000000c0900000|100%| O|  |TAMS 0x00000000c0900000, 0x00000000c0800000| Untracked 
|   9|0x00000000c0900000, 0x00000000c0a00000, 0x00000000c0a00000|100%| O|  |TAMS 0x00000000c0a00000, 0x00000000c0900000| Untracked 
|  10|0x00000000c0a00000, 0x00000000c0b00000, 0x00000000c0b00000|100%| O|  |TAMS 0x00000000c0b00000, 0x00000000c0a00000| Untracked 
|  11|0x00000000c0b00000, 0x00000000c0c00000, 0x00000000c0c00000|100%| O|  |TAMS 0x00000000c0c00000, 0x00000000c0b00000| Untracked 
|  12|0x00000000c0c00000, 0x00000000c0d00000, 0x00000000c0d00000|100%| O|  |TAMS 0x00000000c0d00000, 0x00000000c0c00000| Untracked 
|  13|0x00000000c0d00000, 0x00000000c0e00000, 0x00000000c0e00000|100%| O|  |TAMS 0x00000000c0e00000, 0x00000000c0d00000| Untracked 
|  14|0x00000000c0e00000, 0x00000000c0f00000, 0x00000000c0f00000|100%| O|  |TAMS 0x00000000c0e6ee00, 0x00000000c0e00000| Untracked 
|  15|0x00000000c0f00000, 0x00000000c1000000, 0x00000000c1000000|100%| O|  |TAMS 0x00000000c0f00000, 0x00000000c0f00000| Untracked 
|  16|0x00000000c1000000, 0x00000000c1100000, 0x00000000c1100000|100%| O|  |TAMS 0x00000000c1000000, 0x00000000c1000000| Untracked 
|  17|0x00000000c1100000, 0x00000000c1200000, 0x00000000c1200000|100%| O|  |TAMS 0x00000000c1100000, 0x00000000c1100000| Untracked 
|  18|0x00000000c1200000, 0x00000000c1300000, 0x00000000c1300000|100%| O|  |TAMS 0x00000000c1200000, 0x00000000c1200000| Untracked 
|  19|0x00000000c1300000, 0x00000000c133ce00, 0x00000000c1400000| 23%| O|  |TAMS 0x00000000c1300000, 0x00000000c1300000| Untracked 
|  20|0x00000000c1400000, 0x00000000c1400000, 0x00000000c1500000|  0%| F|  |TAMS 0x00000000c1400000, 0x00000000c1400000| Untracked 
|  21|0x00000000c1500000, 0x00000000c1500000, 0x00000000c1600000|  0%| F|  |TAMS 0x00000000c1500000, 0x00000000c1500000| Untracked 
|  22|0x00000000c1600000, 0x00000000c1600000, 0x00000000c1700000|  0%| F|  |TAMS 0x00000000c1600000, 0x00000000c1600000| Untracked 
|  23|0x00000000c1700000, 0x00000000c1700000, 0x00000000c1800000|  0%| F|  |TAMS 0x00000000c1700000, 0x00000000c1700000| Untracked 
|  24|0x00000000c1800000, 0x00000000c1800000, 0x00000000c1900000|  0%| F|  |TAMS 0x00000000c1800000, 0x00000000c1800000| Untracked 
|  25|0x00000000c1900000, 0x00000000c1900000, 0x00000000c1a00000|  0%| F|  |TAMS 0x00000000c1900000, 0x00000000c1900000| Untracked 
|  26|0x00000000c1a00000, 0x00000000c1a00000, 0x00000000c1b00000|  0%| F|  |TAMS 0x00000000c1a00000, 0x00000000c1a00000| Untracked 
|  27|0x00000000c1b00000, 0x00000000c1b5a280, 0x00000000c1c00000| 35%| S|CS|TAMS 0x00000000c1b00000, 0x00000000c1b00000| Complete 
|  28|0x00000000c1c00000, 0x00000000c1d00000, 0x00000000c1d00000|100%| S|CS|TAMS 0x00000000c1c00000, 0x00000000c1c00000| Complete 
|  29|0x00000000c1d00000, 0x00000000c1d00000, 0x00000000c1e00000|  0%| F|  |TAMS 0x00000000c1d00000, 0x00000000c1d00000| Untracked 
|  30|0x00000000c1e00000, 0x00000000c1f00000, 0x00000000c1f00000|100%| S|CS|TAMS 0x00000000c1e00000, 0x00000000c1e00000| Complete 
|  31|0x00000000c1f00000, 0x00000000c1f00000, 0x00000000c2000000|  0%| F|  |TAMS 0x00000000c1f00000, 0x00000000c1f00000| Untracked 
|  32|0x00000000c2000000, 0x00000000c2000000, 0x00000000c2100000|  0%| F|  |TAMS 0x00000000c2000000, 0x00000000c2000000| Untracked 
|  33|0x00000000c2100000, 0x00000000c2100000, 0x00000000c2200000|  0%| F|  |TAMS 0x00000000c2100000, 0x00000000c2100000| Untracked 
|  34|0x00000000c2200000, 0x00000000c2200000, 0x00000000c2300000|  0%| F|  |TAMS 0x00000000c2200000, 0x00000000c2200000| Untracked 
|  35|0x00000000c2300000, 0x00000000c2300000, 0x00000000c2400000|  0%| F|  |TAMS 0x00000000c2300000, 0x00000000c2300000| Untracked 
|  36|0x00000000c2400000, 0x00000000c2400000, 0x00000000c2500000|  0%| F|  |TAMS 0x00000000c2400000, 0x00000000c2400000| Untracked 
|  37|0x00000000c2500000, 0x00000000c2500000, 0x00000000c2600000|  0%| F|  |TAMS 0x00000000c2500000, 0x00000000c2500000| Untracked 
|  38|0x00000000c2600000, 0x00000000c2600000, 0x00000000c2700000|  0%| F|  |TAMS 0x00000000c2600000, 0x00000000c2600000| Untracked 
|  39|0x00000000c2700000, 0x00000000c2700000, 0x00000000c2800000|  0%| F|  |TAMS 0x00000000c2700000, 0x00000000c2700000| Untracked 
|  40|0x00000000c2800000, 0x00000000c2800000, 0x00000000c2900000|  0%| F|  |TAMS 0x00000000c2800000, 0x00000000c2800000| Untracked 
|  41|0x00000000c2900000, 0x00000000c2900000, 0x00000000c2a00000|  0%| F|  |TAMS 0x00000000c2900000, 0x00000000c2900000| Untracked 
|  42|0x00000000c2a00000, 0x00000000c2a00000, 0x00000000c2b00000|  0%| F|  |TAMS 0x00000000c2a00000, 0x00000000c2a00000| Untracked 
|  43|0x00000000c2b00000, 0x00000000c2b00000, 0x00000000c2c00000|  0%| F|  |TAMS 0x00000000c2b00000, 0x00000000c2b00000| Untracked 
|  44|0x00000000c2c00000, 0x00000000c2c00000, 0x00000000c2d00000|  0%| F|  |TAMS 0x00000000c2c00000, 0x00000000c2c00000| Untracked 
|  45|0x00000000c2d00000, 0x00000000c2d00000, 0x00000000c2e00000|  0%| F|  |TAMS 0x00000000c2d00000, 0x00000000c2d00000| Untracked 
|  46|0x00000000c2e00000, 0x00000000c2e00000, 0x00000000c2f00000|  0%| F|  |TAMS 0x00000000c2e00000, 0x00000000c2e00000| Untracked 
|  47|0x00000000c2f00000, 0x00000000c2f00000, 0x00000000c3000000|  0%| F|  |TAMS 0x00000000c2f00000, 0x00000000c2f00000| Untracked 
|  48|0x00000000c3000000, 0x00000000c3000000, 0x00000000c3100000|  0%| F|  |TAMS 0x00000000c3000000, 0x00000000c3000000| Untracked 
|  49|0x00000000c3100000, 0x00000000c3100000, 0x00000000c3200000|  0%| F|  |TAMS 0x00000000c3100000, 0x00000000c3100000| Untracked 
|  50|0x00000000c3200000, 0x00000000c3200000, 0x00000000c3300000|  0%| F|  |TAMS 0x00000000c3200000, 0x00000000c3200000| Untracked 
|  51|0x00000000c3300000, 0x00000000c3300000, 0x00000000c3400000|  0%| F|  |TAMS 0x00000000c3300000, 0x00000000c3300000| Untracked 
|  52|0x00000000c3400000, 0x00000000c3400000, 0x00000000c3500000|  0%| F|  |TAMS 0x00000000c3400000, 0x00000000c3400000| Untracked 
|  53|0x00000000c3500000, 0x00000000c3500000, 0x00000000c3600000|  0%| F|  |TAMS 0x00000000c3500000, 0x00000000c3500000| Untracked 
|  54|0x00000000c3600000, 0x00000000c3600000, 0x00000000c3700000|  0%| F|  |TAMS 0x00000000c3600000, 0x00000000c3600000| Untracked 
|  55|0x00000000c3700000, 0x00000000c3700000, 0x00000000c3800000|  0%| F|  |TAMS 0x00000000c3700000, 0x00000000c3700000| Untracked 
|  56|0x00000000c3800000, 0x00000000c3800000, 0x00000000c3900000|  0%| F|  |TAMS 0x00000000c3800000, 0x00000000c3800000| Untracked 
|  57|0x00000000c3900000, 0x00000000c3900000, 0x00000000c3a00000|  0%| F|  |TAMS 0x00000000c3900000, 0x00000000c3900000| Untracked 
|  58|0x00000000c3a00000, 0x00000000c3a00000, 0x00000000c3b00000|  0%| F|  |TAMS 0x00000000c3a00000, 0x00000000c3a00000| Untracked 
|  59|0x00000000c3b00000, 0x00000000c3b00000, 0x00000000c3c00000|  0%| F|  |TAMS 0x00000000c3b00000, 0x00000000c3b00000| Untracked 
|  60|0x00000000c3c00000, 0x00000000c3c00000, 0x00000000c3d00000|  0%| F|  |TAMS 0x00000000c3c00000, 0x00000000c3c00000| Untracked 
|  61|0x00000000c3d00000, 0x00000000c3d853d8, 0x00000000c3e00000| 52%| E|  |TAMS 0x00000000c3d00000, 0x00000000c3d00000| Complete 
|  62|0x00000000c3e00000, 0x00000000c3f00000, 0x00000000c3f00000|100%| E|CS|TAMS 0x00000000c3e00000, 0x00000000c3e00000| Complete 
|  76|0x00000000c4c00000, 0x00000000c4d00000, 0x00000000c4d00000|100%| E|CS|TAMS 0x00000000c4c00000, 0x00000000c4c00000| Complete 

Card table byte_map: [0x0000021c60450000,0x0000021c60650000] _byte_map_base: 0x0000021c5fe50000

Marking Bits (Prev, Next): (CMBitMap*) 0x0000021c48ce9018, (CMBitMap*) 0x0000021c48ce9058
 Prev Bits: [0x0000021c60850000, 0x0000021c61850000)
 Next Bits: [0x0000021c61850000, 0x0000021c62850000)

Polling page: 0x0000021c48480000

Metaspace:

Usage:
  Non-class:     43.08 MB capacity,    42.31 MB ( 98%) used,   637.17 KB (  1%) free+waste,   152.63 KB ( <1%) overhead. 
      Class:      7.12 MB capacity,     6.61 MB ( 93%) used,   445.88 KB (  6%) free+waste,    72.19 KB ( <1%) overhead. 
       Both:     50.20 MB capacity,    48.92 MB ( 97%) used,     1.06 MB (  2%) free+waste,   224.81 KB ( <1%) overhead. 

Virtual space:
  Non-class space:       44.00 MB reserved,      43.25 MB ( 98%) committed 
      Class space:        1.00 GB reserved,       7.13 MB ( <1%) committed 
             Both:        1.04 GB reserved,      50.38 MB (  5%) committed 

Chunk freelists:
   Non-Class:  48.00 KB
       Class:  7.00 KB
        Both:  55.00 KB

MaxMetaspaceSize: 17179869184.00 GB
CompressedClassSpaceSize: 1.00 GB

CodeHeap 'non-profiled nmethods': size=120064Kb used=2538Kb max_used=2538Kb free=117525Kb
 bounds [0x0000021c58f10000, 0x0000021c59190000, 0x0000021c60450000]
CodeHeap 'profiled nmethods': size=120000Kb used=9909Kb max_used=9909Kb free=110090Kb
 bounds [0x0000021c519e0000, 0x0000021c52390000, 0x0000021c58f10000]
CodeHeap 'non-nmethods': size=5696Kb used=1304Kb max_used=1338Kb free=4391Kb
 bounds [0x0000021c51450000, 0x0000021c516c0000, 0x0000021c519e0000]
 total_blobs=6250 nmethods=4323 adapters=503
 compilation: enabled
              stopped_count=0, restarted_count=0
 full_count=0

Compilation events (20 events):
Event: 21.263 Thread 0x0000021c64b17800 4325       1       antlr.ANTLRStringBuffer::length (5 bytes)
Event: 21.263 Thread 0x0000021c64b17800 nmethod 4325 0x0000021c59189390 code [0x0000021c59189520, 0x0000021c591895f8]
Event: 21.263 Thread 0x0000021c64b17800 4326       1       antlr.Token::getType (5 bytes)
Event: 21.263 Thread 0x0000021c64b17800 nmethod 4326 0x0000021c59189690 code [0x0000021c59189820, 0x0000021c591898f8]
Event: 21.263 Thread 0x0000021c64b17800 4327       3       jdk.internal.reflect.ByteVectorImpl::put (27 bytes)
Event: 21.269 Thread 0x0000021c64b17800 nmethod 4327 0x0000021c52387010 code [0x0000021c523871c0, 0x0000021c523873a8]
Event: 21.272 Thread 0x0000021c64b17800 4328       1       antlr.BaseAST::getNextSibling (5 bytes)
Event: 21.273 Thread 0x0000021c64b17800 nmethod 4328 0x0000021c59189990 code [0x0000021c59189b20, 0x0000021c59189bf8]
Event: 21.280 Thread 0x0000021c64b17800 4329       3       java.util.regex.Pattern$BmpCharPredicate$$Lambda$618/0x0000000801093840::is (13 bytes)
Event: 21.280 Thread 0x0000021c64b17800 nmethod 4329 0x0000021c52387510 code [0x0000021c523876e0, 0x0000021c52387b18]
Event: 21.280 Thread 0x0000021c64b17800 4330       3       java.util.regex.Pattern$CharPropertyGreedy::match (122 bytes)
Event: 21.281 Thread 0x0000021c64b17800 nmethod 4330 0x0000021c52387c90 code [0x0000021c52387ea0, 0x0000021c52388698]
Event: 21.281 Thread 0x0000021c64b17800 4331       1       antlr.BaseAST::getFirstChild (5 bytes)
Event: 21.281 Thread 0x0000021c64b17800 nmethod 4331 0x0000021c59189c90 code [0x0000021c59189e20, 0x0000021c59189ef8]
Event: 21.380 Thread 0x0000021c64b17800 4332       1       antlr.CommonAST::getType (5 bytes)
Event: 21.380 Thread 0x0000021c64b17800 nmethod 4332 0x0000021c59189f90 code [0x0000021c5918a120, 0x0000021c5918a1f8]
Event: 21.381 Thread 0x0000021c64b17800 4333       1       antlr.CommonAST::setText (6 bytes)
Event: 21.381 Thread 0x0000021c64b17800 nmethod 4333 0x0000021c5918a290 code [0x0000021c5918a420, 0x0000021c5918a538]
Event: 21.381 Thread 0x0000021c64b17800 4334       1       antlr.CommonAST::setType (6 bytes)
Event: 21.381 Thread 0x0000021c64b17800 nmethod 4334 0x0000021c5918a590 code [0x0000021c5918a720, 0x0000021c5918a7f8]

GC Heap History (20 events):
Event: 11.891 GC heap before
{Heap before GC invocations=10 (full 0):
 garbage-first heap   total 45056K, used 33625K [0x00000000c0000000, 0x0000000100000000)
  region size 1024K, 26 young (26624K), 4 survivors (4096K)
 Metaspace       used 23655K, capacity 24405K, committed 24576K, reserved 1071104K
  class space    used 3037K, capacity 3313K, committed 3328K, reserved 1048576K
}
Event: 11.917 GC heap after
{Heap after GC invocations=11 (full 0):
 garbage-first heap   total 45056K, used 12035K [0x00000000c0000000, 0x0000000100000000)
  region size 1024K, 3 young (3072K), 3 survivors (3072K)
 Metaspace       used 23655K, capacity 24405K, committed 24576K, reserved 1071104K
  class space    used 3037K, capacity 3313K, committed 3328K, reserved 1048576K
}
Event: 13.547 GC heap before
{Heap before GC invocations=11 (full 0):
 garbage-first heap   total 45056K, used 34563K [0x00000000c0000000, 0x0000000100000000)
  region size 1024K, 25 young (25600K), 3 survivors (3072K)
 Metaspace       used 27474K, capacity 28367K, committed 28544K, reserved 1073152K
  class space    used 3534K, capacity 3888K, committed 3968K, reserved 1048576K
}
Event: 13.575 GC heap after
{Heap after GC invocations=12 (full 0):
 garbage-first heap   total 45056K, used 13936K [0x00000000c0000000, 0x0000000100000000)
  region size 1024K, 4 young (4096K), 4 survivors (4096K)
 Metaspace       used 27474K, capacity 28367K, committed 28544K, reserved 1073152K
  class space    used 3534K, capacity 3888K, committed 3968K, reserved 1048576K
}
Event: 13.592 GC heap before
{Heap before GC invocations=12 (full 0):
 garbage-first heap   total 45056K, used 32368K [0x00000000c0000000, 0x0000000100000000)
  region size 1024K, 23 young (23552K), 4 survivors (4096K)
 Metaspace       used 27474K, capacity 28367K, committed 28544K, reserved 1073152K
  class space    used 3534K, capacity 3888K, committed 3968K, reserved 1048576K
}
Event: 13.604 GC heap after
{Heap after GC invocations=13 (full 0):
 garbage-first heap   total 45056K, used 14178K [0x00000000c0000000, 0x0000000100000000)
  region size 1024K, 1 young (1024K), 1 survivors (1024K)
 Metaspace       used 27474K, capacity 28367K, committed 28544K, reserved 1073152K
  class space    used 3534K, capacity 3888K, committed 3968K, reserved 1048576K
}
Event: 13.702 GC heap before
{Heap before GC invocations=13 (full 0):
 garbage-first heap   total 45056K, used 33634K [0x00000000c0000000, 0x0000000100000000)
  region size 1024K, 21 young (21504K), 1 survivors (1024K)
 Metaspace       used 27725K, capacity 28642K, committed 28800K, reserved 1075200K
  class space    used 3562K, capacity 3894K, committed 3968K, reserved 1048576K
}
Event: 13.704 GC heap after
{Heap after GC invocations=14 (full 0):
 garbage-first heap   total 54272K, used 14048K [0x00000000c0000000, 0x0000000100000000)
  region size 1024K, 1 young (1024K), 1 survivors (1024K)
 Metaspace       used 27725K, capacity 28642K, committed 28800K, reserved 1075200K
  class space    used 3562K, capacity 3894K, committed 3968K, reserved 1048576K
}
Event: 13.844 GC heap before
{Heap before GC invocations=14 (full 0):
 garbage-first heap   total 54272K, used 41696K [0x00000000c0000000, 0x0000000100000000)
  region size 1024K, 29 young (29696K), 1 survivors (1024K)
 Metaspace       used 28105K, capacity 29035K, committed 29056K, reserved 1075200K
  class space    used 3593K, capacity 3961K, committed 3968K, reserved 1048576K
}
Event: 13.846 GC heap after
{Heap after GC invocations=15 (full 0):
 garbage-first heap   total 54272K, used 14469K [0x00000000c0000000, 0x0000000100000000)
  region size 1024K, 1 young (1024K), 1 survivors (1024K)
 Metaspace       used 28105K, capacity 29035K, committed 29056K, reserved 1075200K
  class space    used 3593K, capacity 3961K, committed 3968K, reserved 1048576K
}
Event: 14.924 GC heap before
{Heap before GC invocations=15 (full 0):
 garbage-first heap   total 54272K, used 42117K [0x00000000c0000000, 0x0000000100000000)
  region size 1024K, 29 young (29696K), 1 survivors (1024K)
 Metaspace       used 30437K, capacity 31394K, committed 31616K, reserved 1077248K
  class space    used 3849K, capacity 4214K, committed 4224K, reserved 1048576K
}
Event: 14.937 GC heap after
{Heap after GC invocations=16 (full 0):
 garbage-first heap   total 54272K, used 15163K [0x00000000c0000000, 0x0000000100000000)
  region size 1024K, 2 young (2048K), 2 survivors (2048K)
 Metaspace       used 30437K, capacity 31394K, committed 31616K, reserved 1077248K
  class space    used 3849K, capacity 4214K, committed 4224K, reserved 1048576K
}
Event: 16.097 GC heap before
{Heap before GC invocations=16 (full 0):
 garbage-first heap   total 54272K, used 33595K [0x00000000c0000000, 0x0000000100000000)
  region size 1024K, 21 young (21504K), 2 survivors (2048K)
 Metaspace       used 34480K, capacity 35421K, committed 35584K, reserved 1079296K
  class space    used 4642K, capacity 5001K, committed 5120K, reserved 1048576K
}
Event: 16.127 GC heap after
{Heap after GC invocations=17 (full 0):
 garbage-first heap   total 54272K, used 15876K [0x00000000c0000000, 0x0000000100000000)
  region size 1024K, 2 young (2048K), 2 survivors (2048K)
 Metaspace       used 34480K, capacity 35421K, committed 35584K, reserved 1079296K
  class space    used 4642K, capacity 5001K, committed 5120K, reserved 1048576K
}
Event: 18.204 GC heap before
{Heap before GC invocations=18 (full 0):
 garbage-first heap   total 54272K, used 43524K [0x00000000c0000000, 0x0000000100000000)
  region size 1024K, 29 young (29696K), 2 survivors (2048K)
 Metaspace       used 40922K, capacity 41937K, committed 42240K, reserved 1085440K
  class space    used 5452K, capacity 5830K, committed 5888K, reserved 1048576K
}
Event: 18.225 GC heap after
{Heap after GC invocations=19 (full 0):
 garbage-first heap   total 54272K, used 18718K [0x00000000c0000000, 0x0000000100000000)
  region size 1024K, 4 young (4096K), 4 survivors (4096K)
 Metaspace       used 40922K, capacity 41937K, committed 42240K, reserved 1085440K
  class space    used 5452K, capacity 5830K, committed 5888K, reserved 1048576K
}
Event: 19.644 GC heap before
{Heap before GC invocations=19 (full 0):
 garbage-first heap   total 54272K, used 42270K [0x00000000c0000000, 0x0000000100000000)
  region size 1024K, 27 young (27648K), 4 survivors (4096K)
 Metaspace       used 45705K, capacity 46813K, committed 46976K, reserved 1089536K
  class space    used 6208K, capacity 6660K, committed 6784K, reserved 1048576K
}
Event: 19.662 GC heap after
{Heap after GC invocations=20 (full 0):
 garbage-first heap   total 54272K, used 19765K [0x00000000c0000000, 0x0000000100000000)
  region size 1024K, 1 young (1024K), 1 survivors (1024K)
 Metaspace       used 45705K, capacity 46813K, committed 46976K, reserved 1089536K
  class space    used 6208K, capacity 6660K, committed 6784K, reserved 1048576K
}
Event: 21.321 GC heap before
{Heap before GC invocations=20 (full 0):
 garbage-first heap   total 54272K, used 42293K [0x00000000c0000000, 0x0000000100000000)
  region size 1024K, 23 young (23552K), 1 survivors (1024K)
 Metaspace       used 49519K, capacity 50822K, committed 51072K, reserved 1093632K
  class space    used 6701K, capacity 7225K, committed 7296K, reserved 1048576K
}
Event: 21.332 GC heap after
{Heap after GC invocations=21 (full 0):
 garbage-first heap   total 65536K, used 21157K [0x00000000c0000000, 0x0000000100000000)
  region size 1024K, 3 young (3072K), 3 survivors (3072K)
 Metaspace       used 49519K, capacity 50822K, committed 51072K, reserved 1093632K
  class space    used 6701K, capacity 7225K, committed 7296K, reserved 1048576K
}

Deoptimization events (20 events):
Event: 20.447 Thread 0x0000021c65fe6800 Uncommon trap: trap_request=0xffffffde fr.pc=0x0000021c59164568 relative=0x0000000000001888
Event: 20.447 Thread 0x0000021c65fe6800 Uncommon trap: reason=class_check action=maybe_recompile pc=0x0000021c59164568 method=org.springframework.core.annotation.TypeMappedAnnotations$MergedAnnotationFinder.process(Ljava/lang/Object;ILjava/lang/Object;Ljava/lang/annotation/Annotation;)Lorg/spri
Event: 20.447 Thread 0x0000021c65fe6800 DEOPT PACKING pc=0x0000021c59164568 sp=0x00000034058fb410
Event: 20.447 Thread 0x0000021c65fe6800 DEOPT UNPACKING pc=0x0000021c5149912f sp=0x00000034058fb330 mode 2
Event: 20.556 Thread 0x0000021c65fe6800 Uncommon trap: trap_request=0xffffff45 fr.pc=0x0000021c59061ff4 relative=0x0000000000000674
Event: 20.556 Thread 0x0000021c65fe6800 Uncommon trap: reason=unstable_if action=reinterpret pc=0x0000021c59061ff4 method=org.springframework.util.ConcurrentReferenceHashMap$Segment.findInChain(Lorg/springframework/util/ConcurrentReferenceHashMap$Reference;Ljava/lang/Object;I)Lorg/springframewo
Event: 20.556 Thread 0x0000021c65fe6800 DEOPT PACKING pc=0x0000021c59061ff4 sp=0x00000034058fbd60
Event: 20.556 Thread 0x0000021c65fe6800 DEOPT UNPACKING pc=0x0000021c5149912f sp=0x00000034058fbb40 mode 2
Event: 20.980 Thread 0x0000021c65fe6800 Uncommon trap: trap_request=0xffffffde fr.pc=0x0000021c59164568 relative=0x0000000000001888
Event: 20.980 Thread 0x0000021c65fe6800 Uncommon trap: reason=class_check action=maybe_recompile pc=0x0000021c59164568 method=org.springframework.core.annotation.TypeMappedAnnotations$MergedAnnotationFinder.process(Ljava/lang/Object;ILjava/lang/Object;Ljava/lang/annotation/Annotation;)Lorg/spri
Event: 20.980 Thread 0x0000021c65fe6800 DEOPT PACKING pc=0x0000021c59164568 sp=0x00000034058fb3c0
Event: 20.980 Thread 0x0000021c65fe6800 DEOPT UNPACKING pc=0x0000021c5149912f sp=0x00000034058fb2e0 mode 2
Event: 21.056 Thread 0x0000021c65fe6800 Uncommon trap: trap_request=0xffffffde fr.pc=0x0000021c59164568 relative=0x0000000000001888
Event: 21.056 Thread 0x0000021c65fe6800 Uncommon trap: reason=class_check action=maybe_recompile pc=0x0000021c59164568 method=org.springframework.core.annotation.TypeMappedAnnotations$MergedAnnotationFinder.process(Ljava/lang/Object;ILjava/lang/Object;Ljava/lang/annotation/Annotation;)Lorg/spri
Event: 21.056 Thread 0x0000021c65fe6800 DEOPT PACKING pc=0x0000021c59164568 sp=0x00000034058fb330
Event: 21.056 Thread 0x0000021c65fe6800 DEOPT UNPACKING pc=0x0000021c5149912f sp=0x00000034058fb250 mode 2
Event: 21.099 Thread 0x0000021c65fe6800 Uncommon trap: trap_request=0xffffff45 fr.pc=0x0000021c590ae710 relative=0x0000000000000370
Event: 21.099 Thread 0x0000021c65fe6800 Uncommon trap: reason=unstable_if action=reinterpret pc=0x0000021c590ae710 method=java.util.StringTokenizer.scanToken(I)I @ 96 c2
Event: 21.099 Thread 0x0000021c65fe6800 DEOPT PACKING pc=0x0000021c590ae710 sp=0x00000034058fa8e0
Event: 21.099 Thread 0x0000021c65fe6800 DEOPT UNPACKING pc=0x0000021c5149912f sp=0x00000034058fa880 mode 2

Classes unloaded (0 events):
No events

Classes redefined (0 events):
No events

Internal exceptions (20 events):
Event: 19.792 Thread 0x0000021c65fe6800 Exception <a 'java/lang/ClassNotFoundException'{0x00000000c32accd0}: org/springframework/data/repository/core/support/RepositoryFactoryInformationCustomizer> (0x00000000c32accd0) 
thrown [./open/src/hotspot/share/classfile/systemDictionary.cpp, line 226]
Event: 19.809 Thread 0x0000021c65fe6800 Exception <a 'java/lang/ClassNotFoundException'{0x00000000c32c0698}: org/springframework/beans/factory/FactoryBeanCustomizer> (0x00000000c32c0698) 
thrown [./open/src/hotspot/share/classfile/systemDictionary.cpp, line 226]
Event: 19.811 Thread 0x0000021c65fe6800 Exception <a 'java/lang/ClassNotFoundException'{0x00000000c32d26a8}: org/springframework/beans/factory/BeanClassLoaderAwareCustomizer> (0x00000000c32d26a8) 
thrown [./open/src/hotspot/share/classfile/systemDictionary.cpp, line 226]
Event: 19.812 Thread 0x0000021c65fe6800 Exception <a 'java/lang/ClassNotFoundException'{0x00000000c32dfbd0}: org/springframework/beans/factory/AwareCustomizer> (0x00000000c32dfbd0) 
thrown [./open/src/hotspot/share/classfile/systemDictionary.cpp, line 226]
Event: 19.812 Thread 0x0000021c65fe6800 Exception <a 'java/lang/ClassNotFoundException'{0x00000000c32ed598}: org/springframework/beans/factory/BeanFactoryAwareCustomizer> (0x00000000c32ed598) 
thrown [./open/src/hotspot/share/classfile/systemDictionary.cpp, line 226]
Event: 19.813 Thread 0x0000021c65fe6800 Exception <a 'java/lang/ClassNotFoundException'{0x00000000c32faf98}: org/springframework/beans/factory/AwareCustomizer> (0x00000000c32faf98) 
thrown [./open/src/hotspot/share/classfile/systemDictionary.cpp, line 226]
Event: 19.813 Thread 0x0000021c65fe6800 Exception <a 'java/lang/ClassNotFoundException'{0x00000000c3109ac0}: org/springframework/context/ApplicationEventPublisherAwareCustomizer> (0x00000000c3109ac0) 
thrown [./open/src/hotspot/share/classfile/systemDictionary.cpp, line 226]
Event: 19.819 Thread 0x0000021c65fe6800 Exception <a 'java/lang/ClassNotFoundException'{0x00000000c31174c8}: org/springframework/beans/factory/AwareCustomizer> (0x00000000c31174c8) 
thrown [./open/src/hotspot/share/classfile/systemDictionary.cpp, line 226]
Event: 19.831 Thread 0x0000021c65fe6800 Exception <a 'java/lang/ClassNotFoundException'{0x00000000c3140cb8}: java/lang/ObjectCustomizer> (0x00000000c3140cb8) 
thrown [./open/src/hotspot/share/classfile/systemDictionary.cpp, line 226]
Event: 19.832 Thread 0x0000021c65fe6800 Exception <a 'java/lang/ClassNotFoundException'{0x00000000c31529a0}: org/springframework/core/io/support/PropertiesLoaderSupportCustomizer> (0x00000000c31529a0) 
thrown [./open/src/hotspot/share/classfile/systemDictionary.cpp, line 226]
Event: 19.852 Thread 0x0000021c65fe6800 Exception <a 'java/lang/ClassNotFoundException'{0x00000000c3169ae0}: org/springframework/beans/factory/config/PropertiesFactoryBeanCustomizer> (0x00000000c3169ae0) 
thrown [./open/src/hotspot/share/classfile/systemDictionary.cpp, line 226]
Event: 19.868 Thread 0x0000021c65fe6800 Exception <a 'java/lang/ClassNotFoundException'{0x00000000c3187668}: org/springframework/beans/factory/FactoryBeanCustomizer> (0x00000000c3187668) 
thrown [./open/src/hotspot/share/classfile/systemDictionary.cpp, line 226]
Event: 19.870 Thread 0x0000021c65fe6800 Exception <a 'java/lang/ClassNotFoundException'{0x00000000c3197a40}: org/springframework/beans/factory/InitializingBeanCustomizer> (0x00000000c3197a40) 
thrown [./open/src/hotspot/share/classfile/systemDictionary.cpp, line 226]
Event: 20.095 Thread 0x0000021c65fe6800 Exception <a 'java/lang/NoSuchMethodError'{0x00000000c2ea59c0}: 'java.lang.Object java.lang.invoke.DirectMethodHandle$Holder.invokeSpecialIFC(java.lang.Object, java.lang.Object, java.lang.Object)'> (0x00000000c2ea59c0) 
thrown [./open/src/hotspot/share/interpreter/linkResolver.cpp, line 766]
Event: 20.172 Thread 0x0000021c65fe6800 Exception <a 'java/lang/NoSuchMethodError'{0x00000000c2c07578}: 'java.lang.Object java.lang.invoke.DirectMethodHandle$Holder.invokeInterface(java.lang.Object, java.lang.Object, java.lang.Object)'> (0x00000000c2c07578) 
thrown [./open/src/hotspot/share/interpreter/linkResolver.cpp, line 766]
Event: 20.399 Thread 0x0000021c65fe6800 Exception <a 'java/lang/ClassNotFoundException'{0x00000000c2ac3020}: java/lang/ObjectCustomizer> (0x00000000c2ac3020) 
thrown [./open/src/hotspot/share/classfile/systemDictionary.cpp, line 226]
Event: 20.401 Thread 0x0000021c65fe6800 Exception <a 'java/lang/ClassNotFoundException'{0x00000000c2ad5ea0}: com/example/restaurantreservation/reservation/ReservationCustomizer> (0x00000000c2ad5ea0) 
thrown [./open/src/hotspot/share/classfile/systemDictionary.cpp, line 226]
Event: 20.449 Thread 0x0000021c65fe6800 Exception <a 'java/lang/NoSuchMethodError'{0x00000000c29db340}: 'int java.lang.invoke.DirectMethodHandle$Holder.invokeVirtual(java.lang.Object, java.lang.Object, java.lang.Object)'> (0x00000000c29db340) 
thrown [./open/src/hotspot/share/interpreter/linkResolver.cpp, line 766]
Event: 20.519 Thread 0x0000021c65fe6800 Exception <a 'java/lang/IncompatibleClassChangeError'{0x00000000c28fd280}: Found class java.lang.Object, but interface was expected> (0x00000000c28fd280) 
thrown [./open/src/hotspot/share/interpreter/linkResolver.cpp, line 832]
Event: 21.035 Thread 0x0000021c65fe6800 Exception <a 'java/lang/NoSuchMethodError'{0x00000000c226fc00}: 'java.lang.Object java.lang.invoke.DirectMethodHandle$Holder.invokeStatic(java.lang.Object, int, java.lang.Object, java.lang.Object)'> (0x00000000c226fc00) 
thrown [./open/src/hotspot/share/interpreter/linkResolver.cpp, line 766]

Events (20 events):
Event: 20.814 Executing VM operation: HandshakeOneThread
Event: 20.814 Executing VM operation: HandshakeOneThread done
Event: 20.998 loading class java/util/regex/Pattern$StartS
Event: 20.999 loading class java/util/regex/Pattern$StartS done
Event: 20.999 loading class java/util/regex/Pattern$LookBehindEndNode
Event: 20.999 loading class java/util/regex/Pattern$LookBehindEndNode done
Event: 20.999 loading class java/util/regex/Pattern$NotBehind
Event: 20.999 loading class java/util/regex/Pattern$NotBehind done
Event: 20.999 loading class java/util/regex/Pattern$Behind
Event: 20.999 loading class java/util/regex/Pattern$Behind done
Event: 20.999 loading class java/util/regex/Pattern$GroupCurly
Event: 21.027 loading class java/util/regex/Pattern$GroupCurly done
Event: 21.068 loading class java/util/regex/Pattern$SliceU
Event: 21.068 loading class java/util/regex/Pattern$SliceU done
Event: 21.318 Executing VM operation: G1CollectForAllocation
Event: 21.334 Executing VM operation: G1CollectForAllocation done
Event: 21.398 loading class java/util/ArrayList$ListItr
Event: 21.398 loading class java/util/ArrayList$ListItr done
Event: 21.399 Executing VM operation: HandshakeAllThreads
Event: 21.467 Executing VM operation: HandshakeAllThreads done


Dynamic libraries:
0x00007ff653640000 - 0x00007ff65364f000 	C:\Program Files\Java\jdk-14.0.1\bin\javaw.exe
0x00007ffd5f530000 - 0x00007ffd5f71d000 	C:\windows\SYSTEM32\ntdll.dll
0x00007ffd5ed10000 - 0x00007ffd5edc3000 	C:\windows\System32\KERNEL32.DLL
0x00007ffd5c3d0000 - 0x00007ffd5c665000 	C:\windows\System32\KERNELBASE.dll
0x00007ffd5bff0000 - 0x00007ffd5c0ea000 	C:\windows\System32\ucrtbase.dll
0x00007ffd43120000 - 0x00007ffd43138000 	C:\Program Files\Java\jdk-14.0.1\bin\jli.dll
0x00007ffd5cd30000 - 0x00007ffd5cdd3000 	C:\windows\System32\ADVAPI32.dll
0x00007ffd5ee50000 - 0x00007ffd5eeee000 	C:\windows\System32\msvcrt.dll
0x00007ffd5eb10000 - 0x00007ffd5ebae000 	C:\windows\System32\sechost.dll
0x00007ffd5e9e0000 - 0x00007ffd5eb02000 	C:\windows\System32\RPCRT4.dll
0x00007ffd5c750000 - 0x00007ffd5c8e7000 	C:\windows\System32\USER32.dll
0x00007ffd5b5f0000 - 0x00007ffd5b610000 	C:\windows\System32\win32u.dll
0x00007ffd5cd00000 - 0x00007ffd5cd29000 	C:\windows\System32\GDI32.dll
0x00007ffd5be50000 - 0x00007ffd5bfe9000 	C:\windows\System32\gdi32full.dll
0x00007ffd5c0f0000 - 0x00007ffd5c190000 	C:\windows\System32\msvcp_win.dll
0x00007ffd48e60000 - 0x00007ffd490d9000 	C:\windows\WinSxS\amd64_microsoft.windows.common-controls_6595b64144ccf1df_6.0.17763.1158_none_de722d88534a897f\COMCTL32.dll
0x00007ffd54630000 - 0x00007ffd5463a000 	C:\windows\SYSTEM32\VERSION.dll
0x00007ffd43100000 - 0x00007ffd43115000 	C:\Program Files\Java\jdk-14.0.1\bin\VCRUNTIME140.dll
0x00007ffd5f080000 - 0x00007ffd5f3ac000 	C:\windows\System32\combase.dll
0x00007ffd5b610000 - 0x00007ffd5b68e000 	C:\windows\System32\bcryptPrimitives.dll
0x00007ffd5d020000 - 0x00007ffd5d04e000 	C:\windows\System32\IMM32.DLL
0x00007ffd25550000 - 0x00007ffd255eb000 	C:\Program Files\Java\jdk-14.0.1\bin\msvcp140.dll
0x00007ffd0b4f0000 - 0x00007ffd0c00e000 	C:\Program Files\Java\jdk-14.0.1\bin\server\jvm.dll
0x00007ffd5f070000 - 0x00007ffd5f078000 	C:\windows\System32\PSAPI.DLL
0x00007ffd47060000 - 0x00007ffd47084000 	C:\windows\SYSTEM32\WINMM.dll
0x00007ffd47b90000 - 0x00007ffd47b99000 	C:\windows\SYSTEM32\WSOCK32.dll
0x00007ffd5f430000 - 0x00007ffd5f49d000 	C:\windows\System32\WS2_32.dll
0x00007ffd47030000 - 0x00007ffd4705d000 	C:\windows\SYSTEM32\WINMMBASE.dll
0x00007ffd5be00000 - 0x00007ffd5be4a000 	C:\windows\System32\cfgmgr32.dll
0x00007ffd5b520000 - 0x00007ffd5b531000 	C:\windows\System32\kernel.appcore.dll
0x00007ffd46d40000 - 0x00007ffd46d4a000 	C:\Program Files\Java\jdk-14.0.1\bin\jimage.dll
0x00007ffd565b0000 - 0x00007ffd5679d000 	C:\windows\SYSTEM32\DBGHELP.DLL
0x00007ffd56280000 - 0x00007ffd562aa000 	C:\windows\SYSTEM32\dbgcore.DLL
0x00007ffd430d0000 - 0x00007ffd430f5000 	C:\Program Files\Java\jdk-14.0.1\bin\java.dll
0x00007ffd430b0000 - 0x00007ffd430c6000 	C:\Program Files\Java\jdk-14.0.1\bin\zip.dll
0x00007ffd5d4d0000 - 0x00007ffd5e9c4000 	C:\windows\System32\SHELL32.dll
0x00007ffd5eef0000 - 0x00007ffd5ef98000 	C:\windows\System32\shcore.dll
0x00007ffd5b690000 - 0x00007ffd5bddd000 	C:\windows\System32\windows.storage.dll
0x00007ffd5b560000 - 0x00007ffd5b584000 	C:\windows\System32\profapi.dll
0x00007ffd5b590000 - 0x00007ffd5b5ed000 	C:\windows\System32\powrprof.dll
0x00007ffd5edf0000 - 0x00007ffd5ee42000 	C:\windows\System32\shlwapi.dll
0x00007ffd5bde0000 - 0x00007ffd5bdf7000 	C:\windows\System32\cryptsp.dll
0x00007ffd43090000 - 0x00007ffd430a9000 	C:\Program Files\Java\jdk-14.0.1\bin\net.dll
0x00007ffd56cc0000 - 0x00007ffd56db2000 	C:\windows\SYSTEM32\WINHTTP.dll
0x00007ffd5ad30000 - 0x00007ffd5ad97000 	C:\windows\system32\mswsock.dll
0x00007ffd30050000 - 0x00007ffd30062000 	C:\Program Files\Java\jdk-14.0.1\bin\nio.dll
0x00007ffd46a00000 - 0x00007ffd46a10000 	C:\Program Files\Java\jdk-14.0.1\bin\verify.dll
0x00007ffd466d0000 - 0x00007ffd466d9000 	C:\Program Files\Java\jdk-14.0.1\bin\management.dll
0x00007ffd44cf0000 - 0x00007ffd44cfb000 	C:\Program Files\Java\jdk-14.0.1\bin\management_ext.dll
0x00007ffd4b760000 - 0x00007ffd4b776000 	C:\windows\system32\napinsp.dll
0x00007ffd5aa90000 - 0x00007ffd5ab57000 	C:\windows\SYSTEM32\DNSAPI.dll
0x00007ffd5e9d0000 - 0x00007ffd5e9d8000 	C:\windows\System32\NSI.dll
0x00007ffd5aa50000 - 0x00007ffd5aa8d000 	C:\windows\SYSTEM32\IPHLPAPI.DLL
0x00007ffd4b230000 - 0x00007ffd4b23e000 	C:\windows\System32\winrnr.dll
0x00007ffd57e00000 - 0x00007ffd57e1b000 	C:\windows\system32\NLAapi.dll
0x00007ffd4b210000 - 0x00007ffd4b225000 	C:\windows\system32\wshbth.dll
0x00007ffd55bc0000 - 0x00007ffd55bca000 	C:\Windows\System32\rasadhlp.dll
0x00007ffd56390000 - 0x00007ffd56409000 	C:\windows\System32\fwpuclnt.dll
0x00007ffd5c670000 - 0x00007ffd5c696000 	C:\windows\System32\bcrypt.dll
0x00007ffd5a8b0000 - 0x00007ffd5a8e3000 	C:\windows\system32\rsaenh.dll
0x00007ffd5b420000 - 0x00007ffd5b448000 	C:\windows\SYSTEM32\USERENV.dll
0x00007ffd5af00000 - 0x00007ffd5af0c000 	C:\windows\SYSTEM32\CRYPTBASE.dll
0x00007ffd56250000 - 0x00007ffd56266000 	C:\windows\SYSTEM32\dhcpcsvc6.DLL
0x00007ffd56230000 - 0x00007ffd5624c000 	C:\windows\SYSTEM32\dhcpcsvc.DLL

dbghelp: loaded successfully - version: 4.0.5 - missing functions: none
symbol engine: initialized successfully - sym options: 0x614 - pdb path: .;C:\Program Files\Java\jdk-14.0.1\bin;C:\windows\SYSTEM32;C:\windows\WinSxS\amd64_microsoft.windows.common-controls_6595b64144ccf1df_6.0.17763.1158_none_de722d88534a897f;C:\Program Files\Java\jdk-14.0.1\bin\server

VM Arguments:
jvm_args: -Dfile.encoding=UTF-8 
java_command: com.example.restaurantreservation.RestaurantReservationApplication
java_class_path (initial): C:\Users\lncoretech\New folder\restaurant-reservation\target\classes;C:\Users\lncoretech\.m2\repository\org\hsqldb\hsqldb\2.5.0\hsqldb-2.5.0.jar;C:\Users\lncoretech\.m2\repository\org\springframework\boot\spring-boot-starter-data-jpa\2.2.6.RELEASE\spring-boot-starter-data-jpa-2.2.6.RELEASE.jar;C:\Users\lncoretech\.m2\repository\org\springframework\boot\spring-boot-starter-aop\2.2.6.RELEASE\spring-boot-starter-aop-2.2.6.RELEASE.jar;C:\Users\lncoretech\.m2\repository\org\springframework\spring-aop\5.2.5.RELEASE\spring-aop-5.2.5.RELEASE.jar;C:\Users\lncoretech\.m2\repository\org\aspectj\aspectjweaver\1.9.5\aspectjweaver-1.9.5.jar;C:\Users\lncoretech\.m2\repository\org\springframework\boot\spring-boot-starter-jdbc\2.2.6.RELEASE\spring-boot-starter-jdbc-2.2.6.RELEASE.jar;C:\Users\lncoretech\.m2\repository\com\zaxxer\HikariCP\3.4.2\HikariCP-3.4.2.jar;C:\Users\lncoretech\.m2\repository\org\springframework\spring-jdbc\5.2.5.RELEASE\spring-jdbc-5.2.5.RELEASE.jar;C:\Users\lncoretech\.m2\repository\jakarta\activation\jakarta.activation-api\1.2.2\jakarta.activation-api-1.2.2.jar;C:\Users\lncoretech\.m2\repository\jakarta\persistence\jakarta.persistence-api\2.2.3\jakarta.persistence-api-2.2.3.jar;C:\Users\lncoretech\.m2\repository\jakarta\transaction\jakarta.transaction-api\1.3.3\jakarta.transaction-api-1.3.3.jar;C:\Users\lncoretech\.m2\repository\org\hibernate\hibernate-core\5.4.12.Final\hibernate-core-5.4.12.Final.jar;C:\Users\lncoretech\.m2\repository\org\jboss\logging\jboss-logging\3.4.1.Final\jboss-logging-3.4.1.Final.jar;C:\Users\lncoretech\.m2\repository\org\javassist\javassist\3.24.0-GA\javassist-3.24.0-GA.jar;C:\Users\lncoretech\.m2\repository\net\bytebuddy\byte-buddy\1.10.8\byte-buddy-1.10.8.jar;C:\Users\lncoretech\.m2\repository\antlr\antlr\2.7.7\antlr-2.7.7.jar;C:\Users\lncoretech\.m2\repository\org\jboss\jandex\2.1.1.Final\jandex-2.1.1.Final.jar;C:\Users\lncoretech\.m2\repository\com\fasterxml\classmate\1.5.1\classmate-1.5.1.jar;C:\Users
Launcher Type: SUN_STANDARD

[Global flags]
     intx CICompilerCount                          = 2                                         {product} {ergonomic}
     uint ConcGCThreads                            = 1                                         {product} {ergonomic}
     uint G1ConcRefinementThreads                  = 2                                         {product} {ergonomic}
   size_t G1HeapRegionSize                         = 1048576                                   {product} {ergonomic}
    uintx GCDrainStackTargetSize                   = 64                                        {product} {ergonomic}
   size_t InitialHeapSize                          = 67108864                                  {product} {ergonomic}
   size_t MarkStackSize                            = 4194304                                   {product} {ergonomic}
   size_t MaxHeapSize                              = 1073741824                                {product} {ergonomic}
   size_t MaxNewSize                               = 643825664                                 {product} {ergonomic}
   size_t MinHeapDeltaBytes                        = 1048576                                   {product} {ergonomic}
   size_t MinHeapSize                              = 8388608                                   {product} {ergonomic}
    uintx NonNMethodCodeHeapSize                   = 5826188                                {pd product} {ergonomic}
    uintx NonProfiledCodeHeapSize                  = 122916026                              {pd product} {ergonomic}
    uintx ProfiledCodeHeapSize                     = 122916026                              {pd product} {ergonomic}
    uintx ReservedCodeCacheSize                    = 251658240                              {pd product} {ergonomic}
     bool SegmentedCodeCache                       = true                                      {product} {ergonomic}
   size_t SoftMaxHeapSize                          = 1073741824                             {manageable} {ergonomic}
     bool UseCompressedClassPointers               = true                                 {lp64_product} {ergonomic}
     bool UseCompressedOops                        = true                                 {lp64_product} {ergonomic}
     bool UseG1GC                                  = true                                      {product} {ergonomic}
     bool UseLargePagesIndividualAllocation        = false                                  {pd product} {ergonomic}

Logging:
Log output configuration:
 #0: stdout all=warning uptime,level,tags
 #1: stderr all=off uptime,level,tags

Environment Variables:
PATH=C:/Program Files/Java/jre1.8.0_221/bin/server;C:/Program Files/Java/jre1.8.0_221/bin;C:/Program Files/Java/jre1.8.0_221/lib/amd64;C:\Program Files (x86)\Common Files\Oracle\Java\javapath;C:\Program Files (x86)\Microsoft SDKs\Azure\CLI2\wbin;C:\Python36\Scripts\;C:\Python36\;C:\windows\system32;C:\windows;C:\windows\System32\Wbem;C:\windows\System32\WindowsPowerShell\v1.0\;C:\windows\System32\OpenSSH\;C:\ProgramData\chocolatey\bin;C:\Program Files\Git\cmd;C:\Program Files\Microsoft\Web Platform Installer\;C:\Program Files\dotnet\;C:\Program Files\MySQL\MySQL Utilities 1.6\;C:\Users\lncoretech\AppData\Local\Programs\Python\Python36\Scripts\;C:\Users\lncoretech\AppData\Local\Programs\Python\Python36\;C:\Users\lncoretech\AppData\Local\Microsoft\WindowsApps;C:\Program Files\R\R-3.5.1\bin;C:\Program Files\MongoDB\Server\4.0\bin;C:\tools\mysql\current\bin;C:\Users\lncoretech\.dotnet\tools;C:\Program Files\Docker Toolbox;C:\Users\lncoretech\AppData\Local\Programs\Microsoft VS Code\bin;C:\Users\lncoretech\Downloads\sts-4.6.0.RELEASE;
USERNAME=lncoretech
OS=Windows_NT
PROCESSOR_IDENTIFIER=Intel64 Family 6 Model 79 Stepping 1, GenuineIntel



---------------  S Y S T E M  ---------------

OS: Windows Server 2019 , 64 bit Build 17763 (10.0.17763.1158)
OS uptime: 9 days 1:43 hours
HyperV virtualization detected

CPU:total 2 (initial active 2) (2 cores per cpu, 1 threads per core) family 6 model 79 stepping 1, cmov, cx8, fxsr, mmx, sse, sse2, sse3, ssse3, sse4.1, sse4.2, popcnt, avx, avx2, aes, clmul, erms, rtm, 3dnowpref, lzcnt, tsc, bmi1, bmi2, adx, fma

Memory: 4k page, system-wide physical 4095M (61M free)
TotalPageFile size 6655M (AvailPageFile size 5M)
current process WorkingSet (physical memory assigned to process): 204M, peak: 204M
current process commit charge ("private bytes"): 245M, peak: 246M

vm_info: Java HotSpot(TM) 64-Bit Server VM (14.0.1+7) for windows-amd64 JRE (14.0.1+7), built on Mar  5 2020 10:30:14 by "mach5one" with MS VC++ 15.9 (VS2017)

END.
